2025-09-03 11:53:50,572 - ERROR - Failed to read audio data: [Errno 2] No such file or directory: 'test.wav'
2025-09-03 11:53:50,572 - ERROR - Error in ASR execution: [Errno 2] No such file or directory: 'test.wav'
2025-09-03 11:53:50,572 - ERROR - ASR processing failed: [Errno 2] No such file or directory: 'test.wav'
2025-09-03 12:16:55,668 - ERROR - Failed to read audio data: [Errno 2] No such file or directory: 'test.wav'
2025-09-03 12:16:55,668 - ERROR - Error in ASR execution: [Errno 2] No such file or directory: 'test.wav'
2025-09-03 12:16:55,668 - ERROR - ASR processing failed: [Errno 2] No such file or directory: 'test.wav'
2025-09-03 12:17:09,533 - INFO - Converting audio to WAV format...
2025-09-03 12:17:11,869 - ERROR - FFmpeg conversion failed: 
2025-09-03 12:17:11,875 - ERROR - Failed to read audio data: Audio conversion failed: 
2025-09-03 12:17:11,875 - ERROR - Error in ASR execution: Audio conversion failed: 
2025-09-03 12:17:11,875 - ERROR - ASR processing failed: Audio conversion failed: 
2025-09-03 12:20:14,193 - INFO - Connected to wss://openspeech.bytedance.com/api/v3/sauc/bigmodel_nostream
2025-09-03 12:20:14,194 - INFO - Sent full client request with seq: 1
2025-09-03 12:20:14,257 - INFO - Received response: {'code': 0, 'event': 0, 'is_last_package': False, 'payload_sequence': 1, 'payload_size': 110, 'payload_msg': {'audio_info': {'duration': 0}, 'result': {'additions': {'log_id': '20250903122013EAA9BA7F9E173342D808'}, 'text': ''}}}
2025-09-03 12:20:14,264 - INFO - Sent audio segment with seq: 2 (last: False)
2025-09-03 12:20:14,339 - INFO - Received response: {
  "code": 0,
  "event": 0,
  "is_last_package": false,
  "payload_sequence": 2,
  "payload_size": 112,
  "payload_msg": {
    "audio_info": {
      "duration": 198
    },
    "result": {
      "additions": {
        "log_id": "20250903122013EAA9BA7F9E173342D808"
      },
      "text": ""
    }
  }
}
2025-09-03 12:20:14,482 - INFO - Sent audio segment with seq: 3 (last: False)
2025-09-03 12:20:14,565 - INFO - Received response: {
  "code": 0,
  "event": 0,
  "is_last_package": false,
  "payload_sequence": 3,
  "payload_size": 112,
  "payload_msg": {
    "audio_info": {
      "duration": 398
    },
    "result": {
      "additions": {
        "log_id": "20250903122013EAA9BA7F9E173342D808"
      },
      "text": ""
    }
  }
}
2025-09-03 12:20:14,701 - INFO - Sent audio segment with seq: 4 (last: False)
2025-09-03 12:20:14,779 - INFO - Received response: {
  "code": 0,
  "event": 0,
  "is_last_package": false,
  "payload_sequence": 4,
  "payload_size": 112,
  "payload_msg": {
    "audio_info": {
      "duration": 598
    },
    "result": {
      "additions": {
        "log_id": "20250903122013EAA9BA7F9E173342D808"
      },
      "text": ""
    }
  }
}
2025-09-03 12:20:14,919 - INFO - Sent audio segment with seq: 5 (last: False)
2025-09-03 12:20:14,984 - INFO - Received response: {
  "code": 0,
  "event": 0,
  "is_last_package": false,
  "payload_sequence": 5,
  "payload_size": 112,
  "payload_msg": {
    "audio_info": {
      "duration": 798
    },
    "result": {
      "additions": {
        "log_id": "20250903122013EAA9BA7F9E173342D808"
      },
      "text": ""
    }
  }
}
2025-09-03 12:20:15,131 - INFO - Sent audio segment with seq: 6 (last: False)
2025-09-03 12:20:15,206 - INFO - Received response: {
  "code": 0,
  "event": 0,
  "is_last_package": false,
  "payload_sequence": 6,
  "payload_size": 112,
  "payload_msg": {
    "audio_info": {
      "duration": 998
    },
    "result": {
      "additions": {
        "log_id": "20250903122013EAA9BA7F9E173342D808"
      },
      "text": ""
    }
  }
}
2025-09-03 12:20:15,336 - INFO - Sent audio segment with seq: 7 (last: False)
2025-09-03 12:20:15,410 - INFO - Received response: {
  "code": 0,
  "event": 0,
  "is_last_package": false,
  "payload_sequence": 7,
  "payload_size": 113,
  "payload_msg": {
    "audio_info": {
      "duration": 1198
    },
    "result": {
      "additions": {
        "log_id": "20250903122013EAA9BA7F9E173342D808"
      },
      "text": ""
    }
  }
}
2025-09-03 12:20:15,553 - INFO - Sent audio segment with seq: 8 (last: False)
2025-09-03 12:20:15,631 - INFO - Received response: {
  "code": 0,
  "event": 0,
  "is_last_package": false,
  "payload_sequence": 8,
  "payload_size": 113,
  "payload_msg": {
    "audio_info": {
      "duration": 1398
    },
    "result": {
      "additions": {
        "log_id": "20250903122013EAA9BA7F9E173342D808"
      },
      "text": ""
    }
  }
}
2025-09-03 12:20:15,756 - INFO - Sent audio segment with seq: 9 (last: False)
2025-09-03 12:20:15,832 - INFO - Received response: {
  "code": 0,
  "event": 0,
  "is_last_package": false,
  "payload_sequence": 9,
  "payload_size": 113,
  "payload_msg": {
    "audio_info": {
      "duration": 1598
    },
    "result": {
      "additions": {
        "log_id": "20250903122013EAA9BA7F9E173342D808"
      },
      "text": ""
    }
  }
}
2025-09-03 12:20:15,972 - INFO - Sent audio segment with seq: 10 (last: False)
2025-09-03 12:20:16,047 - INFO - Received response: {
  "code": 0,
  "event": 0,
  "is_last_package": false,
  "payload_sequence": 10,
  "payload_size": 113,
  "payload_msg": {
    "audio_info": {
      "duration": 1798
    },
    "result": {
      "additions": {
        "log_id": "20250903122013EAA9BA7F9E173342D808"
      },
      "text": ""
    }
  }
}
2025-09-03 12:20:16,189 - INFO - Sent audio segment with seq: 11 (last: False)
2025-09-03 12:20:16,266 - INFO - Received response: {
  "code": 0,
  "event": 0,
  "is_last_package": false,
  "payload_sequence": 11,
  "payload_size": 113,
  "payload_msg": {
    "audio_info": {
      "duration": 1998
    },
    "result": {
      "additions": {
        "log_id": "20250903122013EAA9BA7F9E173342D808"
      },
      "text": ""
    }
  }
}
2025-09-03 12:20:16,391 - INFO - Sent audio segment with seq: 12 (last: False)
2025-09-03 12:20:16,477 - INFO - Received response: {
  "code": 0,
  "event": 0,
  "is_last_package": false,
  "payload_sequence": 12,
  "payload_size": 113,
  "payload_msg": {
    "audio_info": {
      "duration": 2198
    },
    "result": {
      "additions": {
        "log_id": "20250903122013EAA9BA7F9E173342D808"
      },
      "text": ""
    }
  }
}
2025-09-03 12:20:16,607 - INFO - Sent audio segment with seq: 13 (last: False)
2025-09-03 12:20:16,685 - INFO - Received response: {
  "code": 0,
  "event": 0,
  "is_last_package": false,
  "payload_sequence": 13,
  "payload_size": 113,
  "payload_msg": {
    "audio_info": {
      "duration": 2398
    },
    "result": {
      "additions": {
        "log_id": "20250903122013EAA9BA7F9E173342D808"
      },
      "text": ""
    }
  }
}
2025-09-03 12:20:16,809 - INFO - Sent audio segment with seq: 14 (last: False)
2025-09-03 12:20:16,894 - INFO - Received response: {
  "code": 0,
  "event": 0,
  "is_last_package": false,
  "payload_sequence": 14,
  "payload_size": 113,
  "payload_msg": {
    "audio_info": {
      "duration": 2598
    },
    "result": {
      "additions": {
        "log_id": "20250903122013EAA9BA7F9E173342D808"
      },
      "text": ""
    }
  }
}
2025-09-03 12:20:17,013 - INFO - Sent audio segment with seq: 15 (last: False)
2025-09-03 12:20:17,097 - INFO - Received response: {
  "code": 0,
  "event": 0,
  "is_last_package": false,
  "payload_sequence": 15,
  "payload_size": 113,
  "payload_msg": {
    "audio_info": {
      "duration": 2798
    },
    "result": {
      "additions": {
        "log_id": "20250903122013EAA9BA7F9E173342D808"
      },
      "text": ""
    }
  }
}
2025-09-03 12:20:17,215 - INFO - Sent audio segment with seq: 16 (last: False)
2025-09-03 12:20:17,295 - INFO - Received response: {
  "code": 0,
  "event": 0,
  "is_last_package": false,
  "payload_sequence": 16,
  "payload_size": 113,
  "payload_msg": {
    "audio_info": {
      "duration": 2998
    },
    "result": {
      "additions": {
        "log_id": "20250903122013EAA9BA7F9E173342D808"
      },
      "text": ""
    }
  }
}
2025-09-03 12:20:17,418 - INFO - Sent audio segment with seq: 17 (last: False)
2025-09-03 12:20:17,492 - INFO - Received response: {
  "code": 0,
  "event": 0,
  "is_last_package": false,
  "payload_sequence": 17,
  "payload_size": 113,
  "payload_msg": {
    "audio_info": {
      "duration": 3198
    },
    "result": {
      "additions": {
        "log_id": "20250903122013EAA9BA7F9E173342D808"
      },
      "text": ""
    }
  }
}
2025-09-03 12:20:17,621 - INFO - Sent audio segment with seq: 18 (last: False)
2025-09-03 12:20:17,698 - INFO - Received response: {
  "code": 0,
  "event": 0,
  "is_last_package": false,
  "payload_sequence": 18,
  "payload_size": 113,
  "payload_msg": {
    "audio_info": {
      "duration": 3398
    },
    "result": {
      "additions": {
        "log_id": "20250903122013EAA9BA7F9E173342D808"
      },
      "text": ""
    }
  }
}
2025-09-03 12:20:17,823 - INFO - Sent audio segment with seq: 19 (last: False)
2025-09-03 12:20:17,915 - INFO - Received response: {
  "code": 0,
  "event": 0,
  "is_last_package": false,
  "payload_sequence": 19,
  "payload_size": 113,
  "payload_msg": {
    "audio_info": {
      "duration": 3598
    },
    "result": {
      "additions": {
        "log_id": "20250903122013EAA9BA7F9E173342D808"
      },
      "text": ""
    }
  }
}
2025-09-03 12:20:18,025 - INFO - Sent audio segment with seq: 20 (last: False)
2025-09-03 12:20:18,105 - INFO - Received response: {
  "code": 0,
  "event": 0,
  "is_last_package": false,
  "payload_sequence": 20,
  "payload_size": 113,
  "payload_msg": {
    "audio_info": {
      "duration": 3798
    },
    "result": {
      "additions": {
        "log_id": "20250903122013EAA9BA7F9E173342D808"
      },
      "text": ""
    }
  }
}
2025-09-03 12:20:18,227 - INFO - Sent audio segment with seq: 21 (last: False)
2025-09-03 12:20:18,335 - INFO - Received response: {
  "code": 0,
  "event": 0,
  "is_last_package": false,
  "payload_sequence": 21,
  "payload_size": 113,
  "payload_msg": {
    "audio_info": {
      "duration": 3998
    },
    "result": {
      "additions": {
        "log_id": "20250903122013EAA9BA7F9E173342D808"
      },
      "text": ""
    }
  }
}
2025-09-03 12:20:18,429 - INFO - Sent audio segment with seq: 22 (last: False)
2025-09-03 12:20:18,507 - INFO - Received response: {
  "code": 0,
  "event": 0,
  "is_last_package": false,
  "payload_sequence": 22,
  "payload_size": 113,
  "payload_msg": {
    "audio_info": {
      "duration": 4198
    },
    "result": {
      "additions": {
        "log_id": "20250903122013EAA9BA7F9E173342D808"
      },
      "text": ""
    }
  }
}
2025-09-03 12:20:18,632 - INFO - Sent audio segment with seq: 23 (last: False)
2025-09-03 12:20:18,705 - INFO - Received response: {
  "code": 0,
  "event": 0,
  "is_last_package": false,
  "payload_sequence": 23,
  "payload_size": 113,
  "payload_msg": {
    "audio_info": {
      "duration": 4398
    },
    "result": {
      "additions": {
        "log_id": "20250903122013EAA9BA7F9E173342D808"
      },
      "text": ""
    }
  }
}
2025-09-03 12:20:18,834 - INFO - Sent audio segment with seq: 24 (last: False)
2025-09-03 12:20:18,909 - INFO - Received response: {
  "code": 0,
  "event": 0,
  "is_last_package": false,
  "payload_sequence": 24,
  "payload_size": 113,
  "payload_msg": {
    "audio_info": {
      "duration": 4598
    },
    "result": {
      "additions": {
        "log_id": "20250903122013EAA9BA7F9E173342D808"
      },
      "text": ""
    }
  }
}
2025-09-03 12:20:19,049 - INFO - Sent audio segment with seq: 25 (last: False)
2025-09-03 12:20:19,125 - INFO - Received response: {
  "code": 0,
  "event": 0,
  "is_last_package": false,
  "payload_sequence": 25,
  "payload_size": 113,
  "payload_msg": {
    "audio_info": {
      "duration": 4798
    },
    "result": {
      "additions": {
        "log_id": "20250903122013EAA9BA7F9E173342D808"
      },
      "text": ""
    }
  }
}
2025-09-03 12:20:19,252 - INFO - Sent audio segment with seq: 26 (last: False)
2025-09-03 12:20:19,327 - INFO - Received response: {
  "code": 0,
  "event": 0,
  "is_last_package": false,
  "payload_sequence": 26,
  "payload_size": 113,
  "payload_msg": {
    "audio_info": {
      "duration": 4998
    },
    "result": {
      "additions": {
        "log_id": "20250903122013EAA9BA7F9E173342D808"
      },
      "text": ""
    }
  }
}
2025-09-03 12:20:19,467 - INFO - Sent audio segment with seq: 27 (last: False)
2025-09-03 12:20:19,548 - INFO - Received response: {
  "code": 0,
  "event": 0,
  "is_last_package": false,
  "payload_sequence": 27,
  "payload_size": 113,
  "payload_msg": {
    "audio_info": {
      "duration": 5198
    },
    "result": {
      "additions": {
        "log_id": "20250903122013EAA9BA7F9E173342D808"
      },
      "text": ""
    }
  }
}
2025-09-03 12:20:19,671 - INFO - Sent audio segment with seq: 28 (last: False)
2025-09-03 12:20:19,749 - INFO - Received response: {
  "code": 0,
  "event": 0,
  "is_last_package": false,
  "payload_sequence": 28,
  "payload_size": 113,
  "payload_msg": {
    "audio_info": {
      "duration": 5398
    },
    "result": {
      "additions": {
        "log_id": "20250903122013EAA9BA7F9E173342D808"
      },
      "text": ""
    }
  }
}
2025-09-03 12:20:19,872 - INFO - Sent audio segment with seq: 29 (last: False)
2025-09-03 12:20:19,951 - INFO - Received response: {
  "code": 0,
  "event": 0,
  "is_last_package": false,
  "payload_sequence": 29,
  "payload_size": 113,
  "payload_msg": {
    "audio_info": {
      "duration": 5598
    },
    "result": {
      "additions": {
        "log_id": "20250903122013EAA9BA7F9E173342D808"
      },
      "text": ""
    }
  }
}
2025-09-03 12:20:20,076 - INFO - Sent audio segment with seq: 30 (last: False)
2025-09-03 12:20:20,159 - INFO - Received response: {
  "code": 0,
  "event": 0,
  "is_last_package": false,
  "payload_sequence": 30,
  "payload_size": 113,
  "payload_msg": {
    "audio_info": {
      "duration": 5798
    },
    "result": {
      "additions": {
        "log_id": "20250903122013EAA9BA7F9E173342D808"
      },
      "text": ""
    }
  }
}
2025-09-03 12:20:20,283 - INFO - Sent audio segment with seq: 31 (last: False)
2025-09-03 12:20:20,367 - INFO - Received response: {
  "code": 0,
  "event": 0,
  "is_last_package": false,
  "payload_sequence": 31,
  "payload_size": 113,
  "payload_msg": {
    "audio_info": {
      "duration": 5998
    },
    "result": {
      "additions": {
        "log_id": "20250903122013EAA9BA7F9E173342D808"
      },
      "text": ""
    }
  }
}
2025-09-03 12:20:20,498 - INFO - Sent audio segment with seq: 32 (last: False)
2025-09-03 12:20:20,579 - INFO - Received response: {
  "code": 0,
  "event": 0,
  "is_last_package": false,
  "payload_sequence": 32,
  "payload_size": 113,
  "payload_msg": {
    "audio_info": {
      "duration": 6198
    },
    "result": {
      "additions": {
        "log_id": "20250903122013EAA9BA7F9E173342D808"
      },
      "text": ""
    }
  }
}
2025-09-03 12:20:20,714 - INFO - Sent audio segment with seq: 33 (last: False)
2025-09-03 12:20:20,792 - INFO - Received response: {
  "code": 0,
  "event": 0,
  "is_last_package": false,
  "payload_sequence": 33,
  "payload_size": 113,
  "payload_msg": {
    "audio_info": {
      "duration": 6398
    },
    "result": {
      "additions": {
        "log_id": "20250903122013EAA9BA7F9E173342D808"
      },
      "text": ""
    }
  }
}
2025-09-03 12:20:20,918 - INFO - Sent audio segment with seq: 34 (last: False)
2025-09-03 12:20:21,003 - INFO - Received response: {
  "code": 0,
  "event": 0,
  "is_last_package": false,
  "payload_sequence": 34,
  "payload_size": 113,
  "payload_msg": {
    "audio_info": {
      "duration": 6598
    },
    "result": {
      "additions": {
        "log_id": "20250903122013EAA9BA7F9E173342D808"
      },
      "text": ""
    }
  }
}
2025-09-03 12:20:21,121 - INFO - Sent audio segment with seq: 35 (last: False)
2025-09-03 12:20:21,200 - INFO - Received response: {
  "code": 0,
  "event": 0,
  "is_last_package": false,
  "payload_sequence": 35,
  "payload_size": 113,
  "payload_msg": {
    "audio_info": {
      "duration": 6798
    },
    "result": {
      "additions": {
        "log_id": "20250903122013EAA9BA7F9E173342D808"
      },
      "text": ""
    }
  }
}
2025-09-03 12:20:21,324 - INFO - Sent audio segment with seq: 36 (last: False)
2025-09-03 12:20:21,404 - INFO - Received response: {
  "code": 0,
  "event": 0,
  "is_last_package": false,
  "payload_sequence": 36,
  "payload_size": 113,
  "payload_msg": {
    "audio_info": {
      "duration": 6998
    },
    "result": {
      "additions": {
        "log_id": "20250903122013EAA9BA7F9E173342D808"
      },
      "text": ""
    }
  }
}
2025-09-03 12:20:21,527 - INFO - Sent audio segment with seq: 37 (last: False)
2025-09-03 12:20:21,611 - INFO - Received response: {
  "code": 0,
  "event": 0,
  "is_last_package": false,
  "payload_sequence": 37,
  "payload_size": 113,
  "payload_msg": {
    "audio_info": {
      "duration": 7198
    },
    "result": {
      "additions": {
        "log_id": "20250903122013EAA9BA7F9E173342D808"
      },
      "text": ""
    }
  }
}
2025-09-03 12:20:21,729 - INFO - Sent audio segment with seq: 38 (last: False)
2025-09-03 12:20:21,807 - INFO - Received response: {
  "code": 0,
  "event": 0,
  "is_last_package": false,
  "payload_sequence": 38,
  "payload_size": 113,
  "payload_msg": {
    "audio_info": {
      "duration": 7398
    },
    "result": {
      "additions": {
        "log_id": "20250903122013EAA9BA7F9E173342D808"
      },
      "text": ""
    }
  }
}
2025-09-03 12:20:21,934 - INFO - Sent audio segment with seq: 39 (last: False)
2025-09-03 12:20:22,010 - INFO - Received response: {
  "code": 0,
  "event": 0,
  "is_last_package": false,
  "payload_sequence": 39,
  "payload_size": 113,
  "payload_msg": {
    "audio_info": {
      "duration": 7598
    },
    "result": {
      "additions": {
        "log_id": "20250903122013EAA9BA7F9E173342D808"
      },
      "text": ""
    }
  }
}
2025-09-03 12:20:22,139 - INFO - Sent audio segment with seq: 40 (last: False)
2025-09-03 12:20:22,218 - INFO - Received response: {
  "code": 0,
  "event": 0,
  "is_last_package": false,
  "payload_sequence": 40,
  "payload_size": 113,
  "payload_msg": {
    "audio_info": {
      "duration": 7798
    },
    "result": {
      "additions": {
        "log_id": "20250903122013EAA9BA7F9E173342D808"
      },
      "text": ""
    }
  }
}
2025-09-03 12:20:22,354 - INFO - Sent audio segment with seq: 41 (last: False)
2025-09-03 12:20:22,430 - INFO - Received response: {
  "code": 0,
  "event": 0,
  "is_last_package": false,
  "payload_sequence": 41,
  "payload_size": 113,
  "payload_msg": {
    "audio_info": {
      "duration": 7998
    },
    "result": {
      "additions": {
        "log_id": "20250903122013EAA9BA7F9E173342D808"
      },
      "text": ""
    }
  }
}
2025-09-03 12:20:22,571 - INFO - Sent audio segment with seq: 42 (last: False)
2025-09-03 12:20:22,647 - INFO - Received response: {
  "code": 0,
  "event": 0,
  "is_last_package": false,
  "payload_sequence": 42,
  "payload_size": 113,
  "payload_msg": {
    "audio_info": {
      "duration": 8198
    },
    "result": {
      "additions": {
        "log_id": "20250903122013EAA9BA7F9E173342D808"
      },
      "text": ""
    }
  }
}
2025-09-03 12:20:22,785 - INFO - Sent audio segment with seq: 43 (last: False)
2025-09-03 12:20:22,865 - INFO - Received response: {
  "code": 0,
  "event": 0,
  "is_last_package": false,
  "payload_sequence": 43,
  "payload_size": 113,
  "payload_msg": {
    "audio_info": {
      "duration": 8398
    },
    "result": {
      "additions": {
        "log_id": "20250903122013EAA9BA7F9E173342D808"
      },
      "text": ""
    }
  }
}
2025-09-03 12:20:23,001 - INFO - Sent audio segment with seq: 44 (last: False)
2025-09-03 12:20:23,077 - INFO - Received response: {
  "code": 0,
  "event": 0,
  "is_last_package": false,
  "payload_sequence": 44,
  "payload_size": 113,
  "payload_msg": {
    "audio_info": {
      "duration": 8598
    },
    "result": {
      "additions": {
        "log_id": "20250903122013EAA9BA7F9E173342D808"
      },
      "text": ""
    }
  }
}
2025-09-03 12:20:23,205 - INFO - Sent audio segment with seq: 45 (last: False)
2025-09-03 12:20:23,304 - INFO - Received response: {
  "code": 0,
  "event": 0,
  "is_last_package": false,
  "payload_sequence": 45,
  "payload_size": 113,
  "payload_msg": {
    "audio_info": {
      "duration": 8798
    },
    "result": {
      "additions": {
        "log_id": "20250903122013EAA9BA7F9E173342D808"
      },
      "text": ""
    }
  }
}
2025-09-03 12:20:23,422 - INFO - Sent audio segment with seq: 46 (last: False)
2025-09-03 12:20:23,503 - INFO - Received response: {
  "code": 0,
  "event": 0,
  "is_last_package": false,
  "payload_sequence": 46,
  "payload_size": 113,
  "payload_msg": {
    "audio_info": {
      "duration": 8998
    },
    "result": {
      "additions": {
        "log_id": "20250903122013EAA9BA7F9E173342D808"
      },
      "text": ""
    }
  }
}
2025-09-03 12:20:23,628 - INFO - Sent audio segment with seq: 47 (last: False)
2025-09-03 12:20:23,702 - INFO - Received response: {
  "code": 0,
  "event": 0,
  "is_last_package": false,
  "payload_sequence": 47,
  "payload_size": 113,
  "payload_msg": {
    "audio_info": {
      "duration": 9198
    },
    "result": {
      "additions": {
        "log_id": "20250903122013EAA9BA7F9E173342D808"
      },
      "text": ""
    }
  }
}
2025-09-03 12:20:23,833 - INFO - Sent audio segment with seq: 48 (last: False)
2025-09-03 12:20:23,910 - INFO - Received response: {
  "code": 0,
  "event": 0,
  "is_last_package": false,
  "payload_sequence": 48,
  "payload_size": 113,
  "payload_msg": {
    "audio_info": {
      "duration": 9398
    },
    "result": {
      "additions": {
        "log_id": "20250903122013EAA9BA7F9E173342D808"
      },
      "text": ""
    }
  }
}
2025-09-03 12:20:24,034 - INFO - Sent audio segment with seq: 49 (last: False)
2025-09-03 12:20:24,110 - INFO - Received response: {
  "code": 0,
  "event": 0,
  "is_last_package": false,
  "payload_sequence": 49,
  "payload_size": 113,
  "payload_msg": {
    "audio_info": {
      "duration": 9598
    },
    "result": {
      "additions": {
        "log_id": "20250903122013EAA9BA7F9E173342D808"
      },
      "text": ""
    }
  }
}
2025-09-03 12:20:24,250 - INFO - Sent audio segment with seq: 50 (last: False)
2025-09-03 12:20:24,338 - INFO - Received response: {
  "code": 0,
  "event": 0,
  "is_last_package": false,
  "payload_sequence": 50,
  "payload_size": 113,
  "payload_msg": {
    "audio_info": {
      "duration": 9798
    },
    "result": {
      "additions": {
        "log_id": "20250903122013EAA9BA7F9E173342D808"
      },
      "text": ""
    }
  }
}
2025-09-03 12:20:24,466 - INFO - Sent audio segment with seq: 51 (last: False)
2025-09-03 12:20:24,543 - INFO - Received response: {
  "code": 0,
  "event": 0,
  "is_last_package": false,
  "payload_sequence": 51,
  "payload_size": 113,
  "payload_msg": {
    "audio_info": {
      "duration": 9998
    },
    "result": {
      "additions": {
        "log_id": "20250903122013EAA9BA7F9E173342D808"
      },
      "text": ""
    }
  }
}
2025-09-03 12:20:24,670 - INFO - Sent audio segment with seq: 52 (last: False)
2025-09-03 12:20:24,749 - INFO - Received response: {
  "code": 0,
  "event": 0,
  "is_last_package": false,
  "payload_sequence": 52,
  "payload_size": 114,
  "payload_msg": {
    "audio_info": {
      "duration": 10198
    },
    "result": {
      "additions": {
        "log_id": "20250903122013EAA9BA7F9E173342D808"
      },
      "text": ""
    }
  }
}
2025-09-03 12:20:24,873 - INFO - Sent audio segment with seq: 53 (last: False)
2025-09-03 12:20:24,948 - INFO - Received response: {
  "code": 0,
  "event": 0,
  "is_last_package": false,
  "payload_sequence": 53,
  "payload_size": 114,
  "payload_msg": {
    "audio_info": {
      "duration": 10398
    },
    "result": {
      "additions": {
        "log_id": "20250903122013EAA9BA7F9E173342D808"
      },
      "text": ""
    }
  }
}
2025-09-03 12:20:25,076 - INFO - Sent audio segment with seq: 54 (last: False)
2025-09-03 12:20:25,156 - INFO - Received response: {
  "code": 0,
  "event": 0,
  "is_last_package": false,
  "payload_sequence": 54,
  "payload_size": 114,
  "payload_msg": {
    "audio_info": {
      "duration": 10598
    },
    "result": {
      "additions": {
        "log_id": "20250903122013EAA9BA7F9E173342D808"
      },
      "text": ""
    }
  }
}
2025-09-03 12:20:25,279 - INFO - Sent audio segment with seq: 55 (last: False)
2025-09-03 12:20:25,352 - INFO - Received response: {
  "code": 0,
  "event": 0,
  "is_last_package": false,
  "payload_sequence": 55,
  "payload_size": 114,
  "payload_msg": {
    "audio_info": {
      "duration": 10798
    },
    "result": {
      "additions": {
        "log_id": "20250903122013EAA9BA7F9E173342D808"
      },
      "text": ""
    }
  }
}
2025-09-03 12:20:25,484 - INFO - Sent audio segment with seq: 56 (last: False)
2025-09-03 12:20:25,560 - INFO - Received response: {
  "code": 0,
  "event": 0,
  "is_last_package": false,
  "payload_sequence": 56,
  "payload_size": 114,
  "payload_msg": {
    "audio_info": {
      "duration": 10998
    },
    "result": {
      "additions": {
        "log_id": "20250903122013EAA9BA7F9E173342D808"
      },
      "text": ""
    }
  }
}
2025-09-03 12:20:25,687 - INFO - Sent audio segment with seq: 57 (last: False)
2025-09-03 12:20:25,765 - INFO - Received response: {
  "code": 0,
  "event": 0,
  "is_last_package": false,
  "payload_sequence": 57,
  "payload_size": 114,
  "payload_msg": {
    "audio_info": {
      "duration": 11198
    },
    "result": {
      "additions": {
        "log_id": "20250903122013EAA9BA7F9E173342D808"
      },
      "text": ""
    }
  }
}
2025-09-03 12:20:25,892 - INFO - Sent audio segment with seq: 58 (last: False)
2025-09-03 12:20:25,972 - INFO - Received response: {
  "code": 0,
  "event": 0,
  "is_last_package": false,
  "payload_sequence": 58,
  "payload_size": 114,
  "payload_msg": {
    "audio_info": {
      "duration": 11398
    },
    "result": {
      "additions": {
        "log_id": "20250903122013EAA9BA7F9E173342D808"
      },
      "text": ""
    }
  }
}
2025-09-03 12:20:26,095 - INFO - Sent audio segment with seq: 59 (last: False)
2025-09-03 12:20:26,194 - INFO - Received response: {
  "code": 0,
  "event": 0,
  "is_last_package": false,
  "payload_sequence": 59,
  "payload_size": 114,
  "payload_msg": {
    "audio_info": {
      "duration": 11598
    },
    "result": {
      "additions": {
        "log_id": "20250903122013EAA9BA7F9E173342D808"
      },
      "text": ""
    }
  }
}
2025-09-03 12:20:26,300 - INFO - Sent audio segment with seq: 60 (last: False)
2025-09-03 12:20:26,384 - INFO - Received response: {
  "code": 0,
  "event": 0,
  "is_last_package": false,
  "payload_sequence": 60,
  "payload_size": 114,
  "payload_msg": {
    "audio_info": {
      "duration": 11798
    },
    "result": {
      "additions": {
        "log_id": "20250903122013EAA9BA7F9E173342D808"
      },
      "text": ""
    }
  }
}
2025-09-03 12:20:26,516 - INFO - Sent audio segment with seq: 61 (last: False)
2025-09-03 12:20:26,595 - INFO - Received response: {
  "code": 0,
  "event": 0,
  "is_last_package": false,
  "payload_sequence": 61,
  "payload_size": 114,
  "payload_msg": {
    "audio_info": {
      "duration": 11998
    },
    "result": {
      "additions": {
        "log_id": "20250903122013EAA9BA7F9E173342D808"
      },
      "text": ""
    }
  }
}
2025-09-03 12:20:26,721 - INFO - Sent audio segment with seq: 62 (last: False)
2025-09-03 12:20:26,850 - INFO - Received response: {
  "code": 0,
  "event": 0,
  "is_last_package": false,
  "payload_sequence": 62,
  "payload_size": 114,
  "payload_msg": {
    "audio_info": {
      "duration": 12198
    },
    "result": {
      "additions": {
        "log_id": "20250903122013EAA9BA7F9E173342D808"
      },
      "text": ""
    }
  }
}
2025-09-03 12:20:26,925 - INFO - Sent audio segment with seq: 63 (last: False)
2025-09-03 12:20:27,011 - INFO - Received response: {
  "code": 0,
  "event": 0,
  "is_last_package": false,
  "payload_sequence": 63,
  "payload_size": 114,
  "payload_msg": {
    "audio_info": {
      "duration": 12398
    },
    "result": {
      "additions": {
        "log_id": "20250903122013EAA9BA7F9E173342D808"
      },
      "text": ""
    }
  }
}
2025-09-03 12:20:27,129 - INFO - Sent audio segment with seq: 64 (last: False)
2025-09-03 12:20:27,214 - INFO - Received response: {
  "code": 0,
  "event": 0,
  "is_last_package": false,
  "payload_sequence": 64,
  "payload_size": 114,
  "payload_msg": {
    "audio_info": {
      "duration": 12598
    },
    "result": {
      "additions": {
        "log_id": "20250903122013EAA9BA7F9E173342D808"
      },
      "text": ""
    }
  }
}
2025-09-03 12:20:27,335 - INFO - Sent audio segment with seq: 65 (last: False)
2025-09-03 12:20:27,426 - INFO - Received response: {
  "code": 0,
  "event": 0,
  "is_last_package": false,
  "payload_sequence": 65,
  "payload_size": 114,
  "payload_msg": {
    "audio_info": {
      "duration": 12798
    },
    "result": {
      "additions": {
        "log_id": "20250903122013EAA9BA7F9E173342D808"
      },
      "text": ""
    }
  }
}
2025-09-03 12:20:27,549 - INFO - Sent audio segment with seq: 66 (last: False)
2025-09-03 12:20:27,632 - INFO - Received response: {
  "code": 0,
  "event": 0,
  "is_last_package": false,
  "payload_sequence": 66,
  "payload_size": 114,
  "payload_msg": {
    "audio_info": {
      "duration": 12998
    },
    "result": {
      "additions": {
        "log_id": "20250903122013EAA9BA7F9E173342D808"
      },
      "text": ""
    }
  }
}
2025-09-03 12:20:27,753 - INFO - Sent audio segment with seq: 67 (last: False)
2025-09-03 12:20:27,835 - INFO - Received response: {
  "code": 0,
  "event": 0,
  "is_last_package": false,
  "payload_sequence": 67,
  "payload_size": 114,
  "payload_msg": {
    "audio_info": {
      "duration": 13198
    },
    "result": {
      "additions": {
        "log_id": "20250903122013EAA9BA7F9E173342D808"
      },
      "text": ""
    }
  }
}
2025-09-03 12:20:27,959 - INFO - Sent audio segment with seq: 68 (last: False)
2025-09-03 12:20:28,039 - INFO - Received response: {
  "code": 0,
  "event": 0,
  "is_last_package": false,
  "payload_sequence": 68,
  "payload_size": 114,
  "payload_msg": {
    "audio_info": {
      "duration": 13398
    },
    "result": {
      "additions": {
        "log_id": "20250903122013EAA9BA7F9E173342D808"
      },
      "text": ""
    }
  }
}
2025-09-03 12:20:28,177 - INFO - Sent audio segment with seq: 69 (last: False)
2025-09-03 12:20:28,253 - INFO - Received response: {
  "code": 0,
  "event": 0,
  "is_last_package": false,
  "payload_sequence": 69,
  "payload_size": 114,
  "payload_msg": {
    "audio_info": {
      "duration": 13598
    },
    "result": {
      "additions": {
        "log_id": "20250903122013EAA9BA7F9E173342D808"
      },
      "text": ""
    }
  }
}
2025-09-03 12:20:28,395 - INFO - Sent audio segment with seq: 70 (last: False)
2025-09-03 12:20:28,470 - INFO - Received response: {
  "code": 0,
  "event": 0,
  "is_last_package": false,
  "payload_sequence": 70,
  "payload_size": 114,
  "payload_msg": {
    "audio_info": {
      "duration": 13798
    },
    "result": {
      "additions": {
        "log_id": "20250903122013EAA9BA7F9E173342D808"
      },
      "text": ""
    }
  }
}
2025-09-03 12:20:28,597 - INFO - Sent audio segment with seq: 71 (last: True)
2025-09-03 12:20:29,382 - INFO - Received response: {
  "code": 0,
  "event": 0,
  "is_last_package": true,
  "payload_sequence": 71,
  "payload_size": 2347,
  "payload_msg": {
    "audio_info": {
      "duration": 13884
    },
    "result": {
      "additions": {
        "log_id": "20250903122013EAA9BA7F9E173342D808"
      },
      "text": "命令行下的语音识别工具如何实现识别结果直接可以输入到其他软件的内容输入框里面？",
      "utterances": [
        {
          "additions": {
            "fixed_prefix_result": ""
          },
          "definite": true,
          "end_time": 13270,
          "start_time": 790,
          "text": "命令行下的语音识别工具如何实现识别结果直接可以输入到其他软件的内容输入框里面？",
          "words": [
            {
              "end_time": 830,
              "start_time": 790,
              "text": "命"
            },
            {
              "end_time": 1030,
              "start_time": 990,
              "text": "令"
            },
            {
              "end_time": 1230,
              "start_time": 1190,
              "text": "行"
            },
            {
              "end_time": 1550,
              "start_time": 1390,
              "text": "下"
            },
            {
              "end_time": 1710,
              "start_time": 1550,
              "text": "的"
            },
            {
              "end_time": 1830,
              "start_time": 1710,
              "text": "语"
            },
            {
              "end_time": 1990,
              "start_time": 1910,
              "text": "音"
            },
            {
              "end_time": 2310,
              "start_time": 2030,
              "text": "识"
            },
            {
              "end_time": 2350,
              "start_time": 2310,
              "text": "别"
            },
            {
              "end_time": 2750,
              "start_time": 2470,
              "text": "工"
            },
            {
              "end_time": 2990,
              "start_time": 2750,
              "text": "具"
            },
            {
              "end_time": 3310,
              "start_time": 3030,
              "text": "如"
            },
            {
              "end_time": 3590,
              "start_time": 3310,
              "text": "何"
            },
            {
              "end_time": 3870,
              "start_time": 3590,
              "text": "实"
            },
            {
              "end_time": 4310,
              "start_time": 3870,
              "text": "现"
            },
            {
              "end_time": 5150,
              "start_time": 4830,
              "text": "识"
            },
            {
              "end_time": 5390,
              "start_time": 5150,
              "text": "别"
            },
            {
              "end_time": 5630,
              "start_time": 5390,
              "text": "结"
            },
            {
              "end_time": 5910,
              "start_time": 5630,
              "text": "果"
            },
            {
              "end_time": 6190,
              "start_time": 5910,
              "text": "直"
            },
            {
              "end_time": 6350,
              "start_time": 6190,
              "text": "接"
            },
            {
              "end_time": 6590,
              "start_time": 6350,
              "text": "可"
            },
            {
              "end_time": 6870,
              "start_time": 6590,
              "text": "以"
            },
            {
              "end_time": 7270,
              "start_time": 6870,
              "text": "输"
            },
            {
              "end_time": 7990,
              "start_time": 7630,
              "text": "入"
            },
            {
              "end_time": 8350,
              "start_time": 7990,
              "text": "到"
            },
            {
              "end_time": 8590,
              "start_time": 8350,
              "text": "其"
            },
            {
              "end_time": 8750,
              "start_time": 8590,
              "text": "他"
            },
            {
              "end_time": 9150,
              "start_time": 8830,
              "text": "软"
            },
            {
              "end_time": 9350,
              "start_time": 9150,
              "text": "件"
            },
            {
              "end_time": 9950,
              "start_time": 9350,
              "text": "的"
            },
            {
              "end_time": 11630,
              "start_time": 11190,
              "text": "内"
            },
            {
              "end_time": 11870,
              "start_time": 11630,
              "text": "容"
            },
            {
              "end_time": 12030,
              "start_time": 11870,
              "text": "输"
            },
            {
              "end_time": 12190,
              "start_time": 12030,
              "text": "入"
            },
            {
              "end_time": 12430,
              "start_time": 12230,
              "text": "框"
            },
            {
              "end_time": 12670,
              "start_time": 12430,
              "text": "里"
            },
            {
              "end_time": 13270,
              "start_time": 12670,
              "text": "面"
            }
          ]
        }
      ]
    }
  }
}
