2025-08-29T07:07:27.837521-0500 | INFO | process_md_file | 88 | 

====================================================

 | {}
2025-08-29T07:07:27.848322-0500 | INFO | process_md_file | 89 | Processing Markdown File: ../../md_processing/dr_egeria_inbox/output_tests.md | {}
2025-08-29T07:07:27.850094-0500 | INFO | parse_view_command | 292 | 	Processing List on  Projects  
 | {}
2025-08-29T07:07:27.850173-0500 | TRACE | parse_view_command | 314 | ___
Processing `Search String` in `List` on a `Projects` 
	with usage level: `Basic`  | {}
2025-08-29T07:07:27.850366-0500 | TRACE | parse_view_command | 314 | ___
Processing `Output Format` in `List` on a `Projects` 
	with usage level: `Basic`  | {}
2025-08-29T07:07:27.850514-0500 | TRACE | parse_view_command | 314 | ___
Processing `Output Format Set` in `List` on a `Projects` 
	with usage level: `Basic`  | {}
2025-08-29T07:07:27.850557-0500 | ERROR | parse_view_command | 426 | Unknown attribute style: SImple | {}
2025-08-29T07:18:52.980315-0500 | INFO | process_md_file | 88 | 

====================================================

 | {}
2025-08-29T07:18:52.980889-0500 | INFO | process_md_file | 89 | Processing Markdown File: ../../md_processing/dr_egeria_inbox/output_tests.md | {}
2025-08-29T07:18:52.982996-0500 | INFO | parse_view_command | 292 | 	Processing List on  Projects  
 | {}
2025-08-29T07:18:52.983071-0500 | TRACE | parse_view_command | 314 | ___
Processing `Search String` in `List` on a `Projects` 
	with usage level: `Basic`  | {}
2025-08-29T07:18:52.983307-0500 | TRACE | parse_view_command | 314 | ___
Processing `Output Format` in `List` on a `Projects` 
	with usage level: `Basic`  | {}
2025-08-29T07:18:52.983407-0500 | TRACE | parse_view_command | 314 | ___
Processing `Output Format Set` in `List` on a `Projects` 
	with usage level: `Basic`  | {}
2025-08-29T07:18:52.983548-0500 | TRACE | parse_view_command | 314 | ___
Processing `Starts With` in `List` on a `Projects` 
	with usage level: `Basic`  | {}
2025-08-29T07:18:52.983644-0500 | TRACE | parse_view_command | 314 | ___
Processing `Ends With` in `List` on a `Projects` 
	with usage level: `Basic`  | {}
2025-08-29T07:18:52.983724-0500 | TRACE | parse_view_command | 314 | ___
Processing `Ignore Case` in `List` on a `Projects` 
	with usage level: `Basic`  | {}
2025-08-29T07:18:52.983800-0500 | TRACE | parse_view_command | 314 | ___
Processing `Page Size` in `List` on a `Projects` 
	with usage level: `Basic`  | {}
2025-08-29T07:18:52.983879-0500 | INFO | proc_simple_attribute | 505 | Optional attribute with labels: `{'Page Size'}` missing | {}
2025-08-29T07:18:52.983914-0500 | TRACE | parse_view_command | 314 | ___
Processing `Start From` in `List` on a `Projects` 
	with usage level: `Basic`  | {}
2025-08-29T07:18:53.217271-0500 | INFO | process_markdown_file | 61 | Called process_markdown_file with input file output_tests.md | {}
2025-08-29T07:20:25.998975-0500 | INFO | process_md_file | 88 | 

====================================================

 | {}
2025-08-29T07:20:25.999358-0500 | INFO | process_md_file | 89 | Processing Markdown File: ../../md_processing/dr_egeria_inbox/output_tests.md | {}
2025-08-29T07:20:26.003151-0500 | ERROR | process_md_file | 304 | ===> Unknown Command? <=== | {}
2025-08-29T07:20:26.003463-0500 | INFO | process_markdown_file | 61 | Called process_markdown_file with input file output_tests.md | {}
2025-08-29T07:24:23.328652-0500 | INFO | process_md_file | 88 | 

====================================================

 | {}
2025-08-29T07:24:23.329135-0500 | INFO | process_md_file | 89 | Processing Markdown File: ../../md_processing/dr_egeria_inbox/output_tests.md | {}
2025-08-29T07:24:23.333245-0500 | ERROR | process_md_file | 304 | ===> Unknown Command? <=== | {}
2025-08-29T07:24:23.333781-0500 | INFO | process_markdown_file | 61 | Called process_markdown_file with input file output_tests.md | {}
2025-08-29T07:25:00.271635-0500 | INFO | process_md_file | 88 | 

====================================================

 | {}
2025-08-29T07:25:00.272256-0500 | INFO | process_md_file | 89 | Processing Markdown File: ../../md_processing/dr_egeria_inbox/output_tests.md | {}
2025-08-29T07:25:00.275944-0500 | ERROR | process_link_project_hierarchy_command | 200 | An error has been caught in function 'process_link_project_hierarchy_command', process 'MainProcess' (9729), thread 'MainThread' (8317477056): | {}
[33m[1mTraceback (most recent call last):[0m

  File "[32m/Users/dwolfson/localGit/egeria-v5-3/egeria-python/commands/cat/[0m[32m[1mdr_egeria_md.py[0m", line [33m97[0m, in [35m<module>[0m
    [1mprocess_markdown_file[0m[1m([0m[1m)[0m
    [36m└ [0m[36m[1m<Command process_markdown_file>[0m

  File "/Users/dwolfson/localGit/egeria-v5-3/egeria-python/.venv/lib/python3.13/site-packages/click/core.py", line 1442, in __call__
    return self.main(*args, **kwargs)
           │    │     │       └ {}
           │    │     └ ()
           │    └ <function Command.main at 0x1066d58a0>
           └ <Command process_markdown_file>
  File "/Users/dwolfson/localGit/egeria-v5-3/egeria-python/.venv/lib/python3.13/site-packages/click/core.py", line 1363, in main
    rv = self.invoke(ctx)
         │    │      └ <click.core.Context object at 0x117340590>
         │    └ <function Command.invoke at 0x1066d5580>
         └ <Command process_markdown_file>
  File "/Users/dwolfson/localGit/egeria-v5-3/egeria-python/.venv/lib/python3.13/site-packages/click/core.py", line 1226, in invoke
    return ctx.invoke(self.callback, **ctx.params)
           │   │      │    │           │   └ {'input_file': 'output_tests.md', 'output_folder': 'Friday', 'directive': 'process', 'server': 'qs-view-server', 'url': 'http...
           │   │      │    │           └ <click.core.Context object at 0x117340590>
           │   │      │    └ <function process_markdown_file at 0x11744e700>
           │   │      └ <Command process_markdown_file>
           │   └ <function Context.invoke at 0x1066d47c0>
           └ <click.core.Context object at 0x117340590>
  File "/Users/dwolfson/localGit/egeria-v5-3/egeria-python/.venv/lib/python3.13/site-packages/click/core.py", line 794, in invoke
    return callback(*args, **kwargs)
           │         │       └ {'input_file': 'output_tests.md', 'output_folder': 'Friday', 'directive': 'process', 'server': 'qs-view-server', 'url': 'http...
           │         └ ()
           └ <function process_markdown_file at 0x11744e700>

  File "[32m/Users/dwolfson/localGit/egeria-v5-3/egeria-python/commands/cat/[0m[32m[1mdr_egeria_md.py[0m", line [33m60[0m, in [35mprocess_markdown_file[0m
    [1mprocess_md_file[0m[1m([0m[1minput_file[0m[1m,[0m [1moutput_folder[0m[1m,[0m [1mdirective[0m[1m,[0m [1mserver[0m[1m,[0m [1murl[0m[1m,[0m [1muserid[0m[1m,[0m [1muser_pass[0m[1m)[0m
    [36m│               │           │              │          │       │    │       └ [0m[36m[1m'secret'[0m
    [36m│               │           │              │          │       │    └ [0m[36m[1m'erinoverview'[0m
    [36m│               │           │              │          │       └ [0m[36m[1m'https://localhost:9443'[0m
    [36m│               │           │              │          └ [0m[36m[1m'qs-view-server'[0m
    [36m│               │           │              └ [0m[36m[1m'process'[0m
    [36m│               │           └ [0m[36m[1m'Friday'[0m
    [36m│               └ [0m[36m[1m'output_tests.md'[0m
    [36m└ [0m[36m[1m<function process_md_file at 0x11744df80>[0m

  File "[32m/Users/dwolfson/localGit/egeria-v5-3/egeria-python/md_processing/[0m[32m[1mdr_egeria.py[0m", line [33m266[0m, in [35mprocess_md_file[0m
    [1mprocess_current_block[0m[1m([0m[1mcurrent_block[0m[1m)[0m
    [36m│                     └ [0m[36m[1m'# Link Parent Project\n## Parent Project\nTask::First Task\n## Child Project\nTask::Second Task\n## Label\n1 to 2\n## Descri...[0m
    [36m└ [0m[36m[1m<function process_md_file.<locals>.process_current_block at 0x117748f40>[0m

  File "[32m/Users/dwolfson/localGit/egeria-v5-3/egeria-python/md_processing/[0m[32m[1mdr_egeria.py[0m", line [33m138[0m, in [35mprocess_current_block[0m
    [1mresult[0m [35m[1m=[0m [1mprocess_link_project_hierarchy_command[0m[1m([0m[1mclient[0m[1m,[0m [1mcurrent_block[0m[1m,[0m [1mdirective[0m[1m)[0m
    [36m         │                                      │       │              └ [0m[36m[1m'process'[0m
    [36m         │                                      │       └ [0m[36m[1m'# Link Parent Project\n## Parent Project\nTask::First Task\n## Child Project\nTask::Second Task\n## Label\n1 to 2\n## Descri...[0m
    [36m         │                                      └ [0m[36m[1m<pyegeria.egeria_tech_client.EgeriaTech object at 0x117340440>[0m
    [36m         └ [0m[36m[1m<function process_link_project_hierarchy_command at 0x11768bd80>[0m

> File "[32m/Users/dwolfson/localGit/egeria-v5-3/egeria-python/md_processing/md_commands/[0m[32m[1mproject_commands.py[0m", line [33m200[0m, in [35mprocess_link_project_hierarchy_command[0m
    [1mparsed_output[0m [35m[1m=[0m [1mparse_view_command[0m[1m([0m[1megeria_client[0m[1m,[0m [1mobject_type[0m[1m,[0m [1mobject_action[0m[1m,[0m [1mtxt[0m[1m,[0m [1mdirective[0m[1m)[0m
    [36m                │                  │              │            │              │    └ [0m[36m[1m'process'[0m
    [36m                │                  │              │            │              └ [0m[36m[1m'# Link Parent Project\n## Parent Project\nTask::First Task\n## Child Project\nTask::Second Task\n## Label\n1 to 2\n## Descri...[0m
    [36m                │                  │              │            └ [0m[36m[1m'Link'[0m
    [36m                │                  │              └ [0m[36m[1m'Parent Project'[0m
    [36m                │                  └ [0m[36m[1m<pyegeria.egeria_tech_client.EgeriaTech object at 0x117340440>[0m
    [36m                └ [0m[36m[1m<function parse_view_command at 0x11730f600>[0m

  File "[32m/Users/dwolfson/localGit/egeria-v5-3/egeria-python/md_processing/md_processing_utils/[0m[32m[1mcommon_md_proc_utils.py[0m", line [33m285[0m, in [35mparse_view_command[0m
    [1mattributes[0m [35m[1m=[0m [1mcommand_spec[0m[35m[1m.[0m[1mget[0m[1m([0m[36m'Attributes'[0m[1m,[0m [1m[[0m[1m][0m[1m)[0m
    [36m             └ [0m[36m[1mNone[0m

[31m[1mAttributeError[0m:[1m 'NoneType' object has no attribute 'get'[0m
2025-08-29T07:25:00.282899-0500 | ERROR | process_markdown_file | 60 | An error has been caught in function 'process_markdown_file', process 'MainProcess' (9729), thread 'MainThread' (8317477056): | {}
[33m[1mTraceback (most recent call last):[0m

  File "[32m/Users/dwolfson/localGit/egeria-v5-3/egeria-python/commands/cat/[0m[32m[1mdr_egeria_md.py[0m", line [33m97[0m, in [35m<module>[0m
    [1mprocess_markdown_file[0m[1m([0m[1m)[0m
    [36m└ [0m[36m[1m<Command process_markdown_file>[0m

  File "/Users/dwolfson/localGit/egeria-v5-3/egeria-python/.venv/lib/python3.13/site-packages/click/core.py", line 1442, in __call__
    return self.main(*args, **kwargs)
           │    │     │       └ {}
           │    │     └ ()
           │    └ <function Command.main at 0x1066d58a0>
           └ <Command process_markdown_file>
  File "/Users/dwolfson/localGit/egeria-v5-3/egeria-python/.venv/lib/python3.13/site-packages/click/core.py", line 1363, in main
    rv = self.invoke(ctx)
         │    │      └ <click.core.Context object at 0x117340590>
         │    └ <function Command.invoke at 0x1066d5580>
         └ <Command process_markdown_file>
  File "/Users/dwolfson/localGit/egeria-v5-3/egeria-python/.venv/lib/python3.13/site-packages/click/core.py", line 1226, in invoke
    return ctx.invoke(self.callback, **ctx.params)
           │   │      │    │           │   └ {'input_file': 'output_tests.md', 'output_folder': 'Friday', 'directive': 'process', 'server': 'qs-view-server', 'url': 'http...
           │   │      │    │           └ <click.core.Context object at 0x117340590>
           │   │      │    └ <function process_markdown_file at 0x11744e700>
           │   │      └ <Command process_markdown_file>
           │   └ <function Context.invoke at 0x1066d47c0>
           └ <click.core.Context object at 0x117340590>
  File "/Users/dwolfson/localGit/egeria-v5-3/egeria-python/.venv/lib/python3.13/site-packages/click/core.py", line 794, in invoke
    return callback(*args, **kwargs)
           │         │       └ {'input_file': 'output_tests.md', 'output_folder': 'Friday', 'directive': 'process', 'server': 'qs-view-server', 'url': 'http...
           │         └ ()
           └ <function process_markdown_file at 0x11744e700>

> File "[32m/Users/dwolfson/localGit/egeria-v5-3/egeria-python/commands/cat/[0m[32m[1mdr_egeria_md.py[0m", line [33m60[0m, in [35mprocess_markdown_file[0m
    [1mprocess_md_file[0m[1m([0m[1minput_file[0m[1m,[0m [1moutput_folder[0m[1m,[0m [1mdirective[0m[1m,[0m [1mserver[0m[1m,[0m [1murl[0m[1m,[0m [1muserid[0m[1m,[0m [1muser_pass[0m[1m)[0m
    [36m│               │           │              │          │       │    │       └ [0m[36m[1m'secret'[0m
    [36m│               │           │              │          │       │    └ [0m[36m[1m'erinoverview'[0m
    [36m│               │           │              │          │       └ [0m[36m[1m'https://localhost:9443'[0m
    [36m│               │           │              │          └ [0m[36m[1m'qs-view-server'[0m
    [36m│               │           │              └ [0m[36m[1m'process'[0m
    [36m│               │           └ [0m[36m[1m'Friday'[0m
    [36m│               └ [0m[36m[1m'output_tests.md'[0m
    [36m└ [0m[36m[1m<function process_md_file at 0x11744df80>[0m

  File "[32m/Users/dwolfson/localGit/egeria-v5-3/egeria-python/md_processing/[0m[32m[1mdr_egeria.py[0m", line [33m266[0m, in [35mprocess_md_file[0m
    [1mprocess_current_block[0m[1m([0m[1mcurrent_block[0m[1m)[0m
    [36m│                     └ [0m[36m[1m'# Link Parent Project\n## Parent Project\nTask::First Task\n## Child Project\nTask::Second Task\n## Label\n1 to 2\n## Descri...[0m
    [36m└ [0m[36m[1m<function process_md_file.<locals>.process_current_block at 0x117748f40>[0m

  File "[32m/Users/dwolfson/localGit/egeria-v5-3/egeria-python/md_processing/[0m[32m[1mdr_egeria.py[0m", line [33m138[0m, in [35mprocess_current_block[0m
    [1mresult[0m [35m[1m=[0m [1mprocess_link_project_hierarchy_command[0m[1m([0m[1mclient[0m[1m,[0m [1mcurrent_block[0m[1m,[0m [1mdirective[0m[1m)[0m
    [36m         │                                      │       │              └ [0m[36m[1m'process'[0m
    [36m         │                                      │       └ [0m[36m[1m'# Link Parent Project\n## Parent Project\nTask::First Task\n## Child Project\nTask::Second Task\n## Label\n1 to 2\n## Descri...[0m
    [36m         │                                      └ [0m[36m[1m<pyegeria.egeria_tech_client.EgeriaTech object at 0x117340440>[0m
    [36m         └ [0m[36m[1m<function process_link_project_hierarchy_command at 0x11768bd80>[0m

  File "[32m/Users/dwolfson/localGit/egeria-v5-3/egeria-python/md_processing/md_commands/[0m[32m[1mproject_commands.py[0m", line [33m202[0m, in [35mprocess_link_project_hierarchy_command[0m
    [1mprint[0m[1m([0m[1mMarkdown[0m[1m([0m[1mparsed_output[0m[1m[[0m[36m'display'[0m[1m][0m[1m)[0m[1m)[0m
    [36m│     │        └ [0m[36m[1mNone[0m
    [36m│     └ [0m[36m[1m<class 'rich.markdown.Markdown'>[0m
    [36m└ [0m[36m[1m<function print at 0x1066da200>[0m

[31m[1mTypeError[0m:[1m 'NoneType' object is not subscriptable[0m
2025-08-29T07:25:00.284886-0500 | INFO | process_markdown_file | 61 | Called process_markdown_file with input file output_tests.md | {}
2025-08-29T07:28:20.701479-0500 | INFO | process_md_file | 88 | 

====================================================

 | {}
2025-08-29T07:28:20.702135-0500 | INFO | process_md_file | 89 | Processing Markdown File: ../../md_processing/dr_egeria_inbox/output_tests.md | {}
2025-08-29T07:28:20.706410-0500 | ERROR | process_link_project_hierarchy_command | 200 | An error has been caught in function 'process_link_project_hierarchy_command', process 'MainProcess' (9955), thread 'MainThread' (8317477056): | {}
[33m[1mTraceback (most recent call last):[0m

  File "[32m/Users/dwolfson/localGit/egeria-v5-3/egeria-python/commands/cat/[0m[32m[1mdr_egeria_md.py[0m", line [33m97[0m, in [35m<module>[0m
    [1mprocess_markdown_file[0m[1m([0m[1m)[0m
    [36m└ [0m[36m[1m<Command process_markdown_file>[0m

  File "/Users/dwolfson/localGit/egeria-v5-3/egeria-python/.venv/lib/python3.13/site-packages/click/core.py", line 1442, in __call__
    return self.main(*args, **kwargs)
           │    │     │       └ {}
           │    │     └ ()
           │    └ <function Command.main at 0x1068d58a0>
           └ <Command process_markdown_file>
  File "/Users/dwolfson/localGit/egeria-v5-3/egeria-python/.venv/lib/python3.13/site-packages/click/core.py", line 1363, in main
    rv = self.invoke(ctx)
         │    │      └ <click.core.Context object at 0x10c720590>
         │    └ <function Command.invoke at 0x1068d5580>
         └ <Command process_markdown_file>
  File "/Users/dwolfson/localGit/egeria-v5-3/egeria-python/.venv/lib/python3.13/site-packages/click/core.py", line 1226, in invoke
    return ctx.invoke(self.callback, **ctx.params)
           │   │      │    │           │   └ {'input_file': 'output_tests.md', 'output_folder': 'Friday', 'directive': 'process', 'server': 'qs-view-server', 'url': 'http...
           │   │      │    │           └ <click.core.Context object at 0x10c720590>
           │   │      │    └ <function process_markdown_file at 0x10c8427a0>
           │   │      └ <Command process_markdown_file>
           │   └ <function Context.invoke at 0x1068d47c0>
           └ <click.core.Context object at 0x10c720590>
  File "/Users/dwolfson/localGit/egeria-v5-3/egeria-python/.venv/lib/python3.13/site-packages/click/core.py", line 794, in invoke
    return callback(*args, **kwargs)
           │         │       └ {'input_file': 'output_tests.md', 'output_folder': 'Friday', 'directive': 'process', 'server': 'qs-view-server', 'url': 'http...
           │         └ ()
           └ <function process_markdown_file at 0x10c8427a0>

  File "[32m/Users/dwolfson/localGit/egeria-v5-3/egeria-python/commands/cat/[0m[32m[1mdr_egeria_md.py[0m", line [33m60[0m, in [35mprocess_markdown_file[0m
    [1mprocess_md_file[0m[1m([0m[1minput_file[0m[1m,[0m [1moutput_folder[0m[1m,[0m [1mdirective[0m[1m,[0m [1mserver[0m[1m,[0m [1murl[0m[1m,[0m [1muserid[0m[1m,[0m [1muser_pass[0m[1m)[0m
    [36m│               │           │              │          │       │    │       └ [0m[36m[1m'secret'[0m
    [36m│               │           │              │          │       │    └ [0m[36m[1m'erinoverview'[0m
    [36m│               │           │              │          │       └ [0m[36m[1m'https://localhost:9443'[0m
    [36m│               │           │              │          └ [0m[36m[1m'qs-view-server'[0m
    [36m│               │           │              └ [0m[36m[1m'process'[0m
    [36m│               │           └ [0m[36m[1m'Friday'[0m
    [36m│               └ [0m[36m[1m'output_tests.md'[0m
    [36m└ [0m[36m[1m<function process_md_file at 0x10c842020>[0m

  File "[32m/Users/dwolfson/localGit/egeria-v5-3/egeria-python/md_processing/[0m[32m[1mdr_egeria.py[0m", line [33m266[0m, in [35mprocess_md_file[0m
    [1mprocess_current_block[0m[1m([0m[1mcurrent_block[0m[1m)[0m
    [36m│                     └ [0m[36m[1m'# Link Parent Project\n## Parent Project\nTask::First Task\n## Child Project\nTask::Second Task\n## Label\n1 to 2\n## Descri...[0m
    [36m└ [0m[36m[1m<function process_md_file.<locals>.process_current_block at 0x10cb499e0>[0m

  File "[32m/Users/dwolfson/localGit/egeria-v5-3/egeria-python/md_processing/[0m[32m[1mdr_egeria.py[0m", line [33m138[0m, in [35mprocess_current_block[0m
    [1mresult[0m [35m[1m=[0m [1mprocess_link_project_hierarchy_command[0m[1m([0m[1mclient[0m[1m,[0m [1mcurrent_block[0m[1m,[0m [1mdirective[0m[1m)[0m
    [36m         │                                      │       │              └ [0m[36m[1m'process'[0m
    [36m         │                                      │       └ [0m[36m[1m'# Link Parent Project\n## Parent Project\nTask::First Task\n## Child Project\nTask::Second Task\n## Label\n1 to 2\n## Descri...[0m
    [36m         │                                      └ [0m[36m[1m<pyegeria.egeria_tech_client.EgeriaTech object at 0x10c720440>[0m
    [36m         └ [0m[36m[1m<function process_link_project_hierarchy_command at 0x10ca8be20>[0m

> File "[32m/Users/dwolfson/localGit/egeria-v5-3/egeria-python/md_processing/md_commands/[0m[32m[1mproject_commands.py[0m", line [33m200[0m, in [35mprocess_link_project_hierarchy_command[0m
    [1mparsed_output[0m [35m[1m=[0m [1mparse_view_command[0m[1m([0m[1megeria_client[0m[1m,[0m [1mobject_type[0m[1m,[0m [1mobject_action[0m[1m,[0m
    [36m                │                  │              │            └ [0m[36m[1m'Link'[0m
    [36m                │                  │              └ [0m[36m[1m'Parent Project'[0m
    [36m                │                  └ [0m[36m[1m<pyegeria.egeria_tech_client.EgeriaTech object at 0x10c720440>[0m
    [36m                └ [0m[36m[1m<function parse_view_command at 0x10c70f600>[0m

  File "[32m/Users/dwolfson/localGit/egeria-v5-3/egeria-python/md_processing/md_processing_utils/[0m[32m[1mcommon_md_proc_utils.py[0m", line [33m285[0m, in [35mparse_view_command[0m
    [1mattributes[0m [35m[1m=[0m [1mcommand_spec[0m[35m[1m.[0m[1mget[0m[1m([0m[36m'Attributes'[0m[1m,[0m [1m[[0m[1m][0m[1m)[0m
    [36m             └ [0m[36m[1mNone[0m

[31m[1mAttributeError[0m:[1m 'NoneType' object has no attribute 'get'[0m
2025-08-29T07:28:20.713331-0500 | ERROR | process_link_project_hierarchy_command | 204 | No output for `Link` | {}
2025-08-29T07:28:20.715219-0500 | ERROR | process_md_file | 304 | ===> Unknown Command? <=== | {}
2025-08-29T07:28:20.715282-0500 | INFO | process_markdown_file | 61 | Called process_markdown_file with input file output_tests.md | {}
2025-08-29T07:29:14.197652-0500 | INFO | process_md_file | 88 | 

====================================================

 | {}
2025-08-29T07:29:14.198290-0500 | INFO | process_md_file | 89 | Processing Markdown File: ../../md_processing/dr_egeria_inbox/output_tests.md | {}
2025-08-29T07:29:14.202222-0500 | ERROR | process_link_project_hierarchy_command | 200 | An error has been caught in function 'process_link_project_hierarchy_command', process 'MainProcess' (10024), thread 'MainThread' (8317477056): | {}
[33m[1mTraceback (most recent call last):[0m

  File "[32m/Users/dwolfson/localGit/egeria-v5-3/egeria-python/commands/cat/[0m[32m[1mdr_egeria_md.py[0m", line [33m97[0m, in [35m<module>[0m
    [1mprocess_markdown_file[0m[1m([0m[1m)[0m
    [36m└ [0m[36m[1m<Command process_markdown_file>[0m

  File "/Users/dwolfson/localGit/egeria-v5-3/egeria-python/.venv/lib/python3.13/site-packages/click/core.py", line 1442, in __call__
    return self.main(*args, **kwargs)
           │    │     │       └ {}
           │    │     └ ()
           │    └ <function Command.main at 0x1057d58a0>
           └ <Command process_markdown_file>
  File "/Users/dwolfson/localGit/egeria-v5-3/egeria-python/.venv/lib/python3.13/site-packages/click/core.py", line 1363, in main
    rv = self.invoke(ctx)
         │    │      └ <click.core.Context object at 0x10f324590>
         │    └ <function Command.invoke at 0x1057d5580>
         └ <Command process_markdown_file>
  File "/Users/dwolfson/localGit/egeria-v5-3/egeria-python/.venv/lib/python3.13/site-packages/click/core.py", line 1226, in invoke
    return ctx.invoke(self.callback, **ctx.params)
           │   │      │    │           │   └ {'input_file': 'output_tests.md', 'output_folder': 'Friday', 'directive': 'process', 'server': 'qs-view-server', 'url': 'http...
           │   │      │    │           └ <click.core.Context object at 0x10f324590>
           │   │      │    └ <function process_markdown_file at 0x10f4427a0>
           │   │      └ <Command process_markdown_file>
           │   └ <function Context.invoke at 0x1057d47c0>
           └ <click.core.Context object at 0x10f324590>
  File "/Users/dwolfson/localGit/egeria-v5-3/egeria-python/.venv/lib/python3.13/site-packages/click/core.py", line 794, in invoke
    return callback(*args, **kwargs)
           │         │       └ {'input_file': 'output_tests.md', 'output_folder': 'Friday', 'directive': 'process', 'server': 'qs-view-server', 'url': 'http...
           │         └ ()
           └ <function process_markdown_file at 0x10f4427a0>

  File "[32m/Users/dwolfson/localGit/egeria-v5-3/egeria-python/commands/cat/[0m[32m[1mdr_egeria_md.py[0m", line [33m60[0m, in [35mprocess_markdown_file[0m
    [1mprocess_md_file[0m[1m([0m[1minput_file[0m[1m,[0m [1moutput_folder[0m[1m,[0m [1mdirective[0m[1m,[0m [1mserver[0m[1m,[0m [1murl[0m[1m,[0m [1muserid[0m[1m,[0m [1muser_pass[0m[1m)[0m
    [36m│               │           │              │          │       │    │       └ [0m[36m[1m'secret'[0m
    [36m│               │           │              │          │       │    └ [0m[36m[1m'erinoverview'[0m
    [36m│               │           │              │          │       └ [0m[36m[1m'https://localhost:9443'[0m
    [36m│               │           │              │          └ [0m[36m[1m'qs-view-server'[0m
    [36m│               │           │              └ [0m[36m[1m'process'[0m
    [36m│               │           └ [0m[36m[1m'Friday'[0m
    [36m│               └ [0m[36m[1m'output_tests.md'[0m
    [36m└ [0m[36m[1m<function process_md_file at 0x10f442020>[0m

  File "[32m/Users/dwolfson/localGit/egeria-v5-3/egeria-python/md_processing/[0m[32m[1mdr_egeria.py[0m", line [33m266[0m, in [35mprocess_md_file[0m
    [1mprocess_current_block[0m[1m([0m[1mcurrent_block[0m[1m)[0m
    [36m│                     └ [0m[36m[1m'# Link Parent Project\n## Parent Project\nTask::First Task\n## Child Project\nTask::Second Task\n## Label\n1 to 2\n## Descri...[0m
    [36m└ [0m[36m[1m<function process_md_file.<locals>.process_current_block at 0x10f7499e0>[0m

  File "[32m/Users/dwolfson/localGit/egeria-v5-3/egeria-python/md_processing/[0m[32m[1mdr_egeria.py[0m", line [33m138[0m, in [35mprocess_current_block[0m
    [1mresult[0m [35m[1m=[0m [1mprocess_link_project_hierarchy_command[0m[1m([0m[1mclient[0m[1m,[0m [1mcurrent_block[0m[1m,[0m [1mdirective[0m[1m)[0m
    [36m         │                                      │       │              └ [0m[36m[1m'process'[0m
    [36m         │                                      │       └ [0m[36m[1m'# Link Parent Project\n## Parent Project\nTask::First Task\n## Child Project\nTask::Second Task\n## Label\n1 to 2\n## Descri...[0m
    [36m         │                                      └ [0m[36m[1m<pyegeria.egeria_tech_client.EgeriaTech object at 0x10f324440>[0m
    [36m         └ [0m[36m[1m<function process_link_project_hierarchy_command at 0x10f68be20>[0m

> File "[32m/Users/dwolfson/localGit/egeria-v5-3/egeria-python/md_processing/md_commands/[0m[32m[1mproject_commands.py[0m", line [33m200[0m, in [35mprocess_link_project_hierarchy_command[0m
    [1mparsed_output[0m [35m[1m=[0m [1mparse_view_command[0m[1m([0m[1megeria_client[0m[1m,[0m [1mobject_type[0m[1m,[0m [1mobject_action[0m[1m,[0m
    [36m                │                  │              │            └ [0m[36m[1m'Link'[0m
    [36m                │                  │              └ [0m[36m[1m'Parent Project'[0m
    [36m                │                  └ [0m[36m[1m<pyegeria.egeria_tech_client.EgeriaTech object at 0x10f324440>[0m
    [36m                └ [0m[36m[1m<function parse_view_command at 0x10f30f600>[0m

  File "[32m/Users/dwolfson/localGit/egeria-v5-3/egeria-python/md_processing/md_processing_utils/[0m[32m[1mcommon_md_proc_utils.py[0m", line [33m285[0m, in [35mparse_view_command[0m
    [1mattributes[0m [35m[1m=[0m [1mcommand_spec[0m[35m[1m.[0m[1mget[0m[1m([0m[36m'Attributes'[0m[1m,[0m [1m[[0m[1m][0m[1m)[0m
    [36m             └ [0m[36m[1mNone[0m

[31m[1mAttributeError[0m:[1m 'NoneType' object has no attribute 'get'[0m
2025-08-29T07:29:14.207815-0500 | ERROR | process_link_project_hierarchy_command | 204 | No output for `Link` | {}
2025-08-29T07:29:14.209532-0500 | ERROR | process_md_file | 304 | ===> Unknown Command? <=== | {}
2025-08-29T07:29:14.209586-0500 | INFO | process_markdown_file | 61 | Called process_markdown_file with input file output_tests.md | {}
2025-08-29T07:31:03.618766-0500 | INFO | process_md_file | 88 | 

====================================================

 | {}
2025-08-29T07:31:03.619349-0500 | INFO | process_md_file | 89 | Processing Markdown File: ../../md_processing/dr_egeria_inbox/output_tests.md | {}
2025-08-29T07:34:47.867586-0500 | ERROR | process_link_project_hierarchy_command | 200 | An error has been caught in function 'process_link_project_hierarchy_command', process 'MainProcess' (10137), thread 'MainThread' (8317477056): | {}
[33m[1mTraceback (most recent call last):[0m

  File "[32m/Users/dwolfson/Applications/PyCharm.app/Contents/plugins/python-ce/helpers/pydev/[0m[32m[1mpydevd.py[0m", line [33m2392[0m, in [35m<module>[0m
    [1mmain[0m[1m([0m[1m)[0m
    [36m└ [0m[36m[1m<function main at 0x105c8b6a0>[0m

  File "[32m/Users/dwolfson/Applications/PyCharm.app/Contents/plugins/python-ce/helpers/pydev/[0m[32m[1mpydevd.py[0m", line [33m2373[0m, in [35mmain[0m
    [1mglobals[0m [35m[1m=[0m [1mdebugger[0m[35m[1m.[0m[1mrun[0m[1m([0m[1msetup[0m[1m[[0m[36m'file'[0m[1m][0m[1m,[0m [36m[1mNone[0m[1m,[0m [36m[1mNone[0m[1m,[0m [1mis_module[0m[1m)[0m
    [36m          │        │   │                          └ [0m[36m[1mFalse[0m
    [36m          │        │   └ [0m[36m[1m{'port': 51884, 'vm_type': None, 'client': '127.0.0.1', 'server': False, 'DEBUG_RECORD_SOCKET_READS': False, 'multiproc': Fal...[0m
    [36m          │        └ [0m[36m[1m<function PyDB.run at 0x105c8a200>[0m
    [36m          └ [0m[36m[1m<__main__.PyDB object at 0x105c981a0>[0m

  File "[32m/Users/dwolfson/Applications/PyCharm.app/Contents/plugins/python-ce/helpers/pydev/[0m[32m[1mpydevd.py[0m", line [33m1641[0m, in [35mrun[0m
    [35m[1mreturn[0m [1mself[0m[35m[1m.[0m[1m_exec[0m[1m([0m[1mis_module[0m[1m,[0m [1mentry_point_fn[0m[1m,[0m [1mmodule_name[0m[1m,[0m [1mfile[0m[1m,[0m [1mglobals[0m[1m,[0m [1mlocals[0m[1m)[0m
    [36m       │    │     │          │               │            │     │        └ [0m[36m[1m{'__name__': '__main__', '__doc__': '\nThis is an ongoing experiment in parsing and playing with Freddie docs\n', '__package_...[0m
    [36m       │    │     │          │               │            │     └ [0m[36m[1m{'__name__': '__main__', '__doc__': '\nThis is an ongoing experiment in parsing and playing with Freddie docs\n', '__package_...[0m
    [36m       │    │     │          │               │            └ [0m[36m[1m'/Users/dwolfson/localGit/egeria-v5-3/egeria-python/commands/cat/dr_egeria_md.py'[0m
    [36m       │    │     │          │               └ [0m[36m[1mNone[0m
    [36m       │    │     │          └ [0m[36m[1m''[0m
    [36m       │    │     └ [0m[36m[1mFalse[0m
    [36m       │    └ [0m[36m[1m<function PyDB._exec at 0x105c8a2a0>[0m
    [36m       └ [0m[36m[1m<__main__.PyDB object at 0x105c981a0>[0m

  File "[32m/Users/dwolfson/Applications/PyCharm.app/Contents/plugins/python-ce/helpers/pydev/[0m[32m[1mpydevd.py[0m", line [33m1648[0m, in [35m_exec[0m
    [1mpydev_imports[0m[35m[1m.[0m[1mexecfile[0m[1m([0m[1mfile[0m[1m,[0m [1mglobals[0m[1m,[0m [1mlocals[0m[1m)[0m  [30m[1m# execute the script[0m
    [36m│             │        │     │        └ [0m[36m[1m{'__name__': '__main__', '__doc__': '\nThis is an ongoing experiment in parsing and playing with Freddie docs\n', '__package_...[0m
    [36m│             │        │     └ [0m[36m[1m{'__name__': '__main__', '__doc__': '\nThis is an ongoing experiment in parsing and playing with Freddie docs\n', '__package_...[0m
    [36m│             │        └ [0m[36m[1m'/Users/dwolfson/localGit/egeria-v5-3/egeria-python/commands/cat/dr_egeria_md.py'[0m
    [36m│             └ [0m[36m[1m<function execfile at 0x1040bd4e0>[0m
    [36m└ [0m[36m[1m<module '_pydev_bundle.pydev_imports' from '/Users/dwolfson/Applications/PyCharm.app/Contents/plugins/python-ce/helpers/pydev...[0m

  File "[32m/Users/dwolfson/Applications/PyCharm.app/Contents/plugins/python-ce/helpers/pydev/_pydev_imps/[0m[32m[1m_pydev_execfile.py[0m", line [33m18[0m, in [35mexecfile[0m
    [1mexec[0m[1m([0m[1mcompile[0m[1m([0m[1mcontents[0m[35m[1m+[0m[36m"\n"[0m[1m,[0m [1mfile[0m[1m,[0m [36m'exec'[0m[1m)[0m[1m,[0m [1mglob[0m[1m,[0m [1mloc[0m[1m)[0m
    [36m             │              │              │     └ [0m[36m[1m{'__name__': '__main__', '__doc__': '\nThis is an ongoing experiment in parsing and playing with Freddie docs\n', '__package_...[0m
    [36m             │              │              └ [0m[36m[1m{'__name__': '__main__', '__doc__': '\nThis is an ongoing experiment in parsing and playing with Freddie docs\n', '__package_...[0m
    [36m             │              └ [0m[36m[1m'/Users/dwolfson/localGit/egeria-v5-3/egeria-python/commands/cat/dr_egeria_md.py'[0m
    [36m             └ [0m[36m[1m'"""\nThis is an ongoing experiment in parsing and playing with Freddie docs\n"""\nimport os\nimport sys\nfrom datetime impor...[0m

  File "[32m/Users/dwolfson/localGit/egeria-v5-3/egeria-python/commands/cat/[0m[32m[1mdr_egeria_md.py[0m", line [33m97[0m, in [35m<module>[0m
    [1mprocess_markdown_file[0m[1m([0m[1m)[0m
    [36m└ [0m[36m[1m<Command process_markdown_file>[0m

  File "/Users/dwolfson/localGit/egeria-v5-3/egeria-python/.venv/lib/python3.13/site-packages/click/core.py", line 1442, in __call__
    return self.main(*args, **kwargs)
           │    │     │       └ {}
           │    │     └ ()
           │    └ <function Command.main at 0x105eff240>
           └ <Command process_markdown_file>
  File "/Users/dwolfson/localGit/egeria-v5-3/egeria-python/.venv/lib/python3.13/site-packages/click/core.py", line 1363, in main
    rv = self.invoke(ctx)
         │    │      └ <click.core.Context object at 0x1111da510>
         │    └ <function Command.invoke at 0x105efef20>
         └ <Command process_markdown_file>
  File "/Users/dwolfson/localGit/egeria-v5-3/egeria-python/.venv/lib/python3.13/site-packages/click/core.py", line 1226, in invoke
    return ctx.invoke(self.callback, **ctx.params)
           │   │      │    │           │   └ {'input_file': 'output_tests.md', 'output_folder': 'Friday', 'directive': 'process', 'server': 'qs-view-server', 'url': 'http...
           │   │      │    │           └ <click.core.Context object at 0x1111da510>
           │   │      │    └ <function process_markdown_file at 0x1115e8cc0>
           │   │      └ <Command process_markdown_file>
           │   └ <function Context.invoke at 0x105efe160>
           └ <click.core.Context object at 0x1111da510>
  File "/Users/dwolfson/localGit/egeria-v5-3/egeria-python/.venv/lib/python3.13/site-packages/click/core.py", line 794, in invoke
    return callback(*args, **kwargs)
           │         │       └ {'input_file': 'output_tests.md', 'output_folder': 'Friday', 'directive': 'process', 'server': 'qs-view-server', 'url': 'http...
           │         └ ()
           └ <function process_markdown_file at 0x1115e8cc0>

  File "[32m/Users/dwolfson/localGit/egeria-v5-3/egeria-python/commands/cat/[0m[32m[1mdr_egeria_md.py[0m", line [33m60[0m, in [35mprocess_markdown_file[0m
    [1mprocess_md_file[0m[1m([0m[1minput_file[0m[1m,[0m [1moutput_folder[0m[1m,[0m [1mdirective[0m[1m,[0m [1mserver[0m[1m,[0m [1murl[0m[1m,[0m [1muserid[0m[1m,[0m [1muser_pass[0m[1m)[0m
    [36m│               │           │              │          │       │    │       └ [0m[36m[1m'secret'[0m
    [36m│               │           │              │          │       │    └ [0m[36m[1m'erinoverview'[0m
    [36m│               │           │              │          │       └ [0m[36m[1m'https://localhost:9443'[0m
    [36m│               │           │              │          └ [0m[36m[1m'qs-view-server'[0m
    [36m│               │           │              └ [0m[36m[1m'process'[0m
    [36m│               │           └ [0m[36m[1m'Friday'[0m
    [36m│               └ [0m[36m[1m'output_tests.md'[0m
    [36m└ [0m[36m[1m<function process_md_file at 0x1115e8540>[0m

  File "[32m/Users/dwolfson/localGit/egeria-v5-3/egeria-python/md_processing/[0m[32m[1mdr_egeria.py[0m", line [33m266[0m, in [35mprocess_md_file[0m
    [1mprocess_current_block[0m[1m([0m[1mcurrent_block[0m[1m)[0m
    [36m│                     └ [0m[36m[1m'# Link Parent Project\n## Parent Project\nTask::First Task\n## Child Project\nTask::Second Task\n## Label\n1 to 2\n## Descri...[0m
    [36m└ [0m[36m[1m<function process_md_file.<locals>.process_current_block at 0x11185f600>[0m

  File "[32m/Users/dwolfson/localGit/egeria-v5-3/egeria-python/md_processing/[0m[32m[1mdr_egeria.py[0m", line [33m138[0m, in [35mprocess_current_block[0m
    [1mresult[0m [35m[1m=[0m [1mprocess_link_project_hierarchy_command[0m[1m([0m[1mclient[0m[1m,[0m [1mcurrent_block[0m[1m,[0m [1mdirective[0m[1m)[0m
    [36m         │                                      │       │              └ [0m[36m[1m'process'[0m
    [36m         │                                      │       └ [0m[36m[1m'# Link Parent Project\n## Parent Project\nTask::First Task\n## Child Project\nTask::Second Task\n## Label\n1 to 2\n## Descri...[0m
    [36m         │                                      └ [0m[36m[1m<pyegeria.egeria_tech_client.EgeriaTech object at 0x1111da270>[0m
    [36m         └ [0m[36m[1m<function process_link_project_hierarchy_command at 0x11148d300>[0m

> File "[32m/Users/dwolfson/localGit/egeria-v5-3/egeria-python/md_processing/md_commands/[0m[32m[1mproject_commands.py[0m", line [33m200[0m, in [35mprocess_link_project_hierarchy_command[0m
    [1mparsed_output[0m [35m[1m=[0m [1mparse_view_command[0m[1m([0m[1megeria_client[0m[1m,[0m [1mobject_type[0m[1m,[0m [1mobject_action[0m[1m,[0m
    [36m                │                  │              │            └ [0m[36m[1m'Link'[0m
    [36m                │                  │              └ [0m[36m[1m'Parent Project'[0m
    [36m                │                  └ [0m[36m[1m<pyegeria.egeria_tech_client.EgeriaTech object at 0x1111da270>[0m
    [36m                └ [0m[36m[1m<function parse_view_command at 0x11145de40>[0m

  File "[32m/Users/dwolfson/localGit/egeria-v5-3/egeria-python/md_processing/md_processing_utils/[0m[32m[1mcommon_md_proc_utils.py[0m", line [33m285[0m, in [35mparse_view_command[0m
    [1mattributes[0m [35m[1m=[0m [1mcommand_spec[0m[35m[1m.[0m[1mget[0m[1m([0m[36m'Attributes'[0m[1m,[0m [1m[[0m[1m][0m[1m)[0m
    [36m             └ [0m[36m[1mNone[0m

[31m[1mAttributeError[0m:[1m 'NoneType' object has no attribute 'get'[0m
2025-08-29T07:34:47.876992-0500 | ERROR | process_link_project_hierarchy_command | 204 | No output for `Link` | {}
2025-08-29T07:34:47.886596-0500 | ERROR | process_md_file | 304 | ===> Unknown Command? <=== | {}
2025-08-29T07:34:47.886754-0500 | INFO | process_markdown_file | 61 | Called process_markdown_file with input file output_tests.md | {}
2025-08-29T08:29:50.322641-0500 | INFO | process_md_file | 88 | 

====================================================

 | {}
2025-08-29T08:29:50.323567-0500 | INFO | process_md_file | 89 | Processing Markdown File: ../../md_processing/dr_egeria_inbox/output_tests.md | {}
2025-08-29T08:35:37.402578-0500 | INFO | process_md_file | 88 | 

====================================================

 | {}
2025-08-29T08:35:37.403032-0500 | INFO | process_md_file | 89 | Processing Markdown File: ../../md_processing/dr_egeria_inbox/output_tests.md | {}
2025-08-29T08:35:37.406663-0500 | ERROR | process_link_project_hierarchy_command | 200 | An error has been caught in function 'process_link_project_hierarchy_command', process 'MainProcess' (15286), thread 'MainThread' (8317477056): | {}
[33m[1mTraceback (most recent call last):[0m

  File "[32m/Users/dwolfson/localGit/egeria-v5-3/egeria-python/commands/cat/[0m[32m[1mdr_egeria_md.py[0m", line [33m97[0m, in [35m<module>[0m
    [1mprocess_markdown_file[0m[1m([0m[1m)[0m
    [36m└ [0m[36m[1m<Command process_markdown_file>[0m

  File "/Users/dwolfson/localGit/egeria-v5-3/egeria-python/.venv/lib/python3.13/site-packages/click/core.py", line 1442, in __call__
    return self.main(*args, **kwargs)
           │    │     │       └ {}
           │    │     └ ()
           │    └ <function Command.main at 0x1056f18a0>
           └ <Command process_markdown_file>
  File "/Users/dwolfson/localGit/egeria-v5-3/egeria-python/.venv/lib/python3.13/site-packages/click/core.py", line 1363, in main
    rv = self.invoke(ctx)
         │    │      └ <click.core.Context object at 0x10c3a4590>
         │    └ <function Command.invoke at 0x1056f1580>
         └ <Command process_markdown_file>
  File "/Users/dwolfson/localGit/egeria-v5-3/egeria-python/.venv/lib/python3.13/site-packages/click/core.py", line 1226, in invoke
    return ctx.invoke(self.callback, **ctx.params)
           │   │      │    │           │   └ {'input_file': 'output_tests.md', 'output_folder': 'Friday', 'directive': 'process', 'server': 'qs-view-server', 'url': 'http...
           │   │      │    │           └ <click.core.Context object at 0x10c3a4590>
           │   │      │    └ <function process_markdown_file at 0x10c36a980>
           │   │      └ <Command process_markdown_file>
           │   └ <function Context.invoke at 0x1056f07c0>
           └ <click.core.Context object at 0x10c3a4590>
  File "/Users/dwolfson/localGit/egeria-v5-3/egeria-python/.venv/lib/python3.13/site-packages/click/core.py", line 794, in invoke
    return callback(*args, **kwargs)
           │         │       └ {'input_file': 'output_tests.md', 'output_folder': 'Friday', 'directive': 'process', 'server': 'qs-view-server', 'url': 'http...
           │         └ ()
           └ <function process_markdown_file at 0x10c36a980>

  File "[32m/Users/dwolfson/localGit/egeria-v5-3/egeria-python/commands/cat/[0m[32m[1mdr_egeria_md.py[0m", line [33m60[0m, in [35mprocess_markdown_file[0m
    [1mprocess_md_file[0m[1m([0m[1minput_file[0m[1m,[0m [1moutput_folder[0m[1m,[0m [1mdirective[0m[1m,[0m [1mserver[0m[1m,[0m [1murl[0m[1m,[0m [1muserid[0m[1m,[0m [1muser_pass[0m[1m)[0m
    [36m│               │           │              │          │       │    │       └ [0m[36m[1m'secret'[0m
    [36m│               │           │              │          │       │    └ [0m[36m[1m'erinoverview'[0m
    [36m│               │           │              │          │       └ [0m[36m[1m'https://localhost:9443'[0m
    [36m│               │           │              │          └ [0m[36m[1m'qs-view-server'[0m
    [36m│               │           │              └ [0m[36m[1m'process'[0m
    [36m│               │           └ [0m[36m[1m'Friday'[0m
    [36m│               └ [0m[36m[1m'output_tests.md'[0m
    [36m└ [0m[36m[1m<function process_md_file at 0x10c36a200>[0m

  File "[32m/Users/dwolfson/localGit/egeria-v5-3/egeria-python/md_processing/[0m[32m[1mdr_egeria.py[0m", line [33m266[0m, in [35mprocess_md_file[0m
    [1mprocess_current_block[0m[1m([0m[1mcurrent_block[0m[1m)[0m
    [36m│                     └ [0m[36m[1m'# Link Parent Project\n## Parent Project\nTask::First Task\n## Child Project\nTask::Second Task\n## Label\n1 to 2\n## Descri...[0m
    [36m└ [0m[36m[1m<function process_md_file.<locals>.process_current_block at 0x10c751a80>[0m

  File "[32m/Users/dwolfson/localGit/egeria-v5-3/egeria-python/md_processing/[0m[32m[1mdr_egeria.py[0m", line [33m138[0m, in [35mprocess_current_block[0m
    [1mresult[0m [35m[1m=[0m [1mprocess_link_project_hierarchy_command[0m[1m([0m[1mclient[0m[1m,[0m [1mcurrent_block[0m[1m,[0m [1mdirective[0m[1m)[0m
    [36m         │                                      │       │              └ [0m[36m[1m'process'[0m
    [36m         │                                      │       └ [0m[36m[1m'# Link Parent Project\n## Parent Project\nTask::First Task\n## Child Project\nTask::Second Task\n## Label\n1 to 2\n## Descri...[0m
    [36m         │                                      └ [0m[36m[1m<pyegeria.egeria_tech_client.EgeriaTech object at 0x10c3a4440>[0m
    [36m         └ [0m[36m[1m<function process_link_project_hierarchy_command at 0x10c33c040>[0m

> File "[32m/Users/dwolfson/localGit/egeria-v5-3/egeria-python/md_processing/md_commands/[0m[32m[1mproject_commands.py[0m", line [33m200[0m, in [35mprocess_link_project_hierarchy_command[0m
    [1mparsed_output[0m [35m[1m=[0m [1mparse_view_command[0m[1m([0m[1megeria_client[0m[1m,[0m [1mobject_type[0m[1m,[0m [1mobject_action[0m[1m,[0m
    [36m                │                  │              │            └ [0m[36m[1m'Link'[0m
    [36m                │                  │              └ [0m[36m[1m'Parent Project'[0m
    [36m                │                  └ [0m[36m[1m<pyegeria.egeria_tech_client.EgeriaTech object at 0x10c3a4440>[0m
    [36m                └ [0m[36m[1m<function parse_view_command at 0x10c30f600>[0m

  File "[32m/Users/dwolfson/localGit/egeria-v5-3/egeria-python/md_processing/md_processing_utils/[0m[32m[1mcommon_md_proc_utils.py[0m", line [33m284[0m, in [35mparse_view_command[0m
    [1mcommand_spec[0m [35m[1m=[0m [1mget_command_spec[0m[1m([0m[36mf"[0m[1m{[0m[1mobject_action[0m[1m}[0m[36m [0m[1m{[0m[1mobject_type[0m[1m}[0m[36m"[0m[1m)[0m
    [36m               │                   │               └ [0m[36m[1m'Parent Project'[0m
    [36m               │                   └ [0m[36m[1m'Link'[0m
    [36m               └ [0m[36m[1m<function get_command_spec at 0x10c30e7a0>[0m

  File "[32m/Users/dwolfson/localGit/egeria-v5-3/egeria-python/md_processing/md_processing_utils/[0m[32m[1mmd_processing_constants.py[0m", line [33m232[0m, in [35mget_command_spec[0m
    [1mobj[0m [35m[1m=[0m [1mfind_alternate_names[0m[1m([0m[1mcommand[0m[1m)[0m
    [36m      │                    └ [0m[36m[1m'Link Parent Project'[0m
    [36m      └ [0m[36m[1m<function find_alternate_names at 0x10c30e840>[0m

  File "[32m/Users/dwolfson/localGit/egeria-v5-3/egeria-python/md_processing/md_processing_utils/[0m[32m[1mmd_processing_constants.py[0m", line [33m244[0m, in [35mfind_alternate_names[0m
    [35m[1mif[0m [1m([0m[1mcommand[0m [35m[1min[0m [1mv[0m[1m)[0m [35m[1mor[0m [1m([0m[1mcommand[0m [35m[1min[0m [36m" "[0m[35m[1m.[0m[1mjoin[0m[1m([0m[1ms[0m[35m[1m.[0m[1msplit[0m[1m([0m[1m)[0m[1m[[0m[34m[1m1[0m[1m:[0m[1m][0m[1m)[0m[35m[1m.[0m[1mstrip[0m[1m([0m[1m)[0m[1m)[0m[1m:[0m
    [36m    │          │      └ [0m[36m[1m'Link Parent Project'[0m
    [36m    │          └ [0m[36m[1m''[0m
    [36m    └ [0m[36m[1m'Link Parent Project'[0m

[31m[1mNameError[0m:[1m name 's' is not defined[0m
2025-08-29T08:35:37.412998-0500 | ERROR | process_link_project_hierarchy_command | 204 | No output for `Link` | {}
2025-08-29T08:35:37.415109-0500 | ERROR | process_md_file | 304 | ===> Unknown Command? <=== | {}
2025-08-29T08:35:37.415349-0500 | INFO | process_markdown_file | 61 | Called process_markdown_file with input file output_tests.md | {}
2025-08-29T08:37:28.417996-0500 | INFO | process_md_file | 88 | 

====================================================

 | {}
2025-08-29T08:37:28.418549-0500 | INFO | process_md_file | 89 | Processing Markdown File: ../../md_processing/dr_egeria_inbox/output_tests.md | {}
2025-08-29T08:37:28.422121-0500 | ERROR | process_link_project_hierarchy_command | 200 | An error has been caught in function 'process_link_project_hierarchy_command', process 'MainProcess' (15371), thread 'MainThread' (8317477056): | {}
[33m[1mTraceback (most recent call last):[0m

  File "[32m/Users/dwolfson/localGit/egeria-v5-3/egeria-python/commands/cat/[0m[32m[1mdr_egeria_md.py[0m", line [33m97[0m, in [35m<module>[0m
    [1mprocess_markdown_file[0m[1m([0m[1m)[0m
    [36m└ [0m[36m[1m<Command process_markdown_file>[0m

  File "/Users/dwolfson/localGit/egeria-v5-3/egeria-python/.venv/lib/python3.13/site-packages/click/core.py", line 1442, in __call__
    return self.main(*args, **kwargs)
           │    │     │       └ {}
           │    │     └ ()
           │    └ <function Command.main at 0x1075d58a0>
           └ <Command process_markdown_file>
  File "/Users/dwolfson/localGit/egeria-v5-3/egeria-python/.venv/lib/python3.13/site-packages/click/core.py", line 1363, in main
    rv = self.invoke(ctx)
         │    │      └ <click.core.Context object at 0x117b446e0>
         │    └ <function Command.invoke at 0x1075d5580>
         └ <Command process_markdown_file>
  File "/Users/dwolfson/localGit/egeria-v5-3/egeria-python/.venv/lib/python3.13/site-packages/click/core.py", line 1226, in invoke
    return ctx.invoke(self.callback, **ctx.params)
           │   │      │    │           │   └ {'input_file': 'output_tests.md', 'output_folder': 'Friday', 'directive': 'process', 'server': 'qs-view-server', 'url': 'http...
           │   │      │    │           └ <click.core.Context object at 0x117b446e0>
           │   │      │    └ <function process_markdown_file at 0x117caea20>
           │   │      └ <Command process_markdown_file>
           │   └ <function Context.invoke at 0x1075d47c0>
           └ <click.core.Context object at 0x117b446e0>
  File "/Users/dwolfson/localGit/egeria-v5-3/egeria-python/.venv/lib/python3.13/site-packages/click/core.py", line 794, in invoke
    return callback(*args, **kwargs)
           │         │       └ {'input_file': 'output_tests.md', 'output_folder': 'Friday', 'directive': 'process', 'server': 'qs-view-server', 'url': 'http...
           │         └ ()
           └ <function process_markdown_file at 0x117caea20>

  File "[32m/Users/dwolfson/localGit/egeria-v5-3/egeria-python/commands/cat/[0m[32m[1mdr_egeria_md.py[0m", line [33m60[0m, in [35mprocess_markdown_file[0m
    [1mprocess_md_file[0m[1m([0m[1minput_file[0m[1m,[0m [1moutput_folder[0m[1m,[0m [1mdirective[0m[1m,[0m [1mserver[0m[1m,[0m [1murl[0m[1m,[0m [1muserid[0m[1m,[0m [1muser_pass[0m[1m)[0m
    [36m│               │           │              │          │       │    │       └ [0m[36m[1m'secret'[0m
    [36m│               │           │              │          │       │    └ [0m[36m[1m'erinoverview'[0m
    [36m│               │           │              │          │       └ [0m[36m[1m'https://localhost:9443'[0m
    [36m│               │           │              │          └ [0m[36m[1m'qs-view-server'[0m
    [36m│               │           │              └ [0m[36m[1m'process'[0m
    [36m│               │           └ [0m[36m[1m'Friday'[0m
    [36m│               └ [0m[36m[1m'output_tests.md'[0m
    [36m└ [0m[36m[1m<function process_md_file at 0x117cae2a0>[0m

  File "[32m/Users/dwolfson/localGit/egeria-v5-3/egeria-python/md_processing/[0m[32m[1mdr_egeria.py[0m", line [33m266[0m, in [35mprocess_md_file[0m
    [1mprocess_current_block[0m[1m([0m[1mcurrent_block[0m[1m)[0m
    [36m│                     └ [0m[36m[1m'# Link Parent Project\n## Parent Project\nTask::First Task\n## Child Project\nTask::Second Task\n## Label\n1 to 2\n## Descri...[0m
    [36m└ [0m[36m[1m<function process_md_file.<locals>.process_current_block at 0x117f51260>[0m

  File "[32m/Users/dwolfson/localGit/egeria-v5-3/egeria-python/md_processing/[0m[32m[1mdr_egeria.py[0m", line [33m138[0m, in [35mprocess_current_block[0m
    [1mresult[0m [35m[1m=[0m [1mprocess_link_project_hierarchy_command[0m[1m([0m[1mclient[0m[1m,[0m [1mcurrent_block[0m[1m,[0m [1mdirective[0m[1m)[0m
    [36m         │                                      │       │              └ [0m[36m[1m'process'[0m
    [36m         │                                      │       └ [0m[36m[1m'# Link Parent Project\n## Parent Project\nTask::First Task\n## Child Project\nTask::Second Task\n## Label\n1 to 2\n## Descri...[0m
    [36m         │                                      └ [0m[36m[1m<pyegeria.egeria_tech_client.EgeriaTech object at 0x117b44590>[0m
    [36m         └ [0m[36m[1m<function process_link_project_hierarchy_command at 0x117c70040>[0m

> File "[32m/Users/dwolfson/localGit/egeria-v5-3/egeria-python/md_processing/md_commands/[0m[32m[1mproject_commands.py[0m", line [33m200[0m, in [35mprocess_link_project_hierarchy_command[0m
    [1mparsed_output[0m [35m[1m=[0m [1mparse_view_command[0m[1m([0m[1megeria_client[0m[1m,[0m [1mobject_type[0m[1m,[0m [1mobject_action[0m[1m,[0m
    [36m                │                  │              │            └ [0m[36m[1m'Link'[0m
    [36m                │                  │              └ [0m[36m[1m'Parent Project'[0m
    [36m                │                  └ [0m[36m[1m<pyegeria.egeria_tech_client.EgeriaTech object at 0x117b44590>[0m
    [36m                └ [0m[36m[1m<function parse_view_command at 0x117b0f6a0>[0m

  File "[32m/Users/dwolfson/localGit/egeria-v5-3/egeria-python/md_processing/md_processing_utils/[0m[32m[1mcommon_md_proc_utils.py[0m", line [33m286[0m, in [35mparse_view_command[0m
    [1mattributes[0m [35m[1m=[0m [1mcommand_spec[0m[35m[1m.[0m[1mget[0m[1m([0m[36m'Attributes'[0m[1m,[0m [1m[[0m[1m][0m[1m)[0m
    [36m             └ [0m[36m[1mNone[0m

[31m[1mAttributeError[0m:[1m 'NoneType' object has no attribute 'get'[0m
2025-08-29T08:37:28.428676-0500 | ERROR | process_link_project_hierarchy_command | 204 | No output for `Link` | {}
2025-08-29T08:37:28.430535-0500 | ERROR | process_md_file | 304 | ===> Unknown Command? <=== | {}
2025-08-29T08:37:28.430789-0500 | INFO | process_markdown_file | 61 | Called process_markdown_file with input file output_tests.md | {}
2025-08-29T08:38:04.689505-0500 | INFO | process_md_file | 88 | 

====================================================

 | {}
2025-08-29T08:38:04.690547-0500 | INFO | process_md_file | 89 | Processing Markdown File: ../../md_processing/dr_egeria_inbox/output_tests.md | {}
2025-08-29T08:40:44.917882-0500 | INFO | process_md_file | 88 | 

====================================================

 | {}
2025-08-29T08:40:44.918607-0500 | INFO | process_md_file | 89 | Processing Markdown File: ../../md_processing/dr_egeria_inbox/output_tests.md | {}
2025-08-29T08:41:01.647613-0500 | ERROR | process_link_project_hierarchy_command | 200 | An error has been caught in function 'process_link_project_hierarchy_command', process 'MainProcess' (15516), thread 'MainThread' (8317477056): | {}
[33m[1mTraceback (most recent call last):[0m

  File "[32m/Users/dwolfson/Applications/PyCharm.app/Contents/plugins/python-ce/helpers/pydev/[0m[32m[1mpydevd.py[0m", line [33m2392[0m, in [35m<module>[0m
    [1mmain[0m[1m([0m[1m)[0m
    [36m└ [0m[36m[1m<function main at 0x10a88b6a0>[0m

  File "[32m/Users/dwolfson/Applications/PyCharm.app/Contents/plugins/python-ce/helpers/pydev/[0m[32m[1mpydevd.py[0m", line [33m2373[0m, in [35mmain[0m
    [1mglobals[0m [35m[1m=[0m [1mdebugger[0m[35m[1m.[0m[1mrun[0m[1m([0m[1msetup[0m[1m[[0m[36m'file'[0m[1m][0m[1m,[0m [36m[1mNone[0m[1m,[0m [36m[1mNone[0m[1m,[0m [1mis_module[0m[1m)[0m
    [36m          │        │   │                          └ [0m[36m[1mFalse[0m
    [36m          │        │   └ [0m[36m[1m{'port': 56164, 'vm_type': None, 'client': '127.0.0.1', 'server': False, 'DEBUG_RECORD_SOCKET_READS': False, 'multiproc': Fal...[0m
    [36m          │        └ [0m[36m[1m<function PyDB.run at 0x10a88a200>[0m
    [36m          └ [0m[36m[1m<__main__.PyDB object at 0x10a8981a0>[0m

  File "[32m/Users/dwolfson/Applications/PyCharm.app/Contents/plugins/python-ce/helpers/pydev/[0m[32m[1mpydevd.py[0m", line [33m1641[0m, in [35mrun[0m
    [35m[1mreturn[0m [1mself[0m[35m[1m.[0m[1m_exec[0m[1m([0m[1mis_module[0m[1m,[0m [1mentry_point_fn[0m[1m,[0m [1mmodule_name[0m[1m,[0m [1mfile[0m[1m,[0m [1mglobals[0m[1m,[0m [1mlocals[0m[1m)[0m
    [36m       │    │     │          │               │            │     │        └ [0m[36m[1m{'__name__': '__main__', '__doc__': '\nThis is an ongoing experiment in parsing and playing with Freddie docs\n', '__package_...[0m
    [36m       │    │     │          │               │            │     └ [0m[36m[1m{'__name__': '__main__', '__doc__': '\nThis is an ongoing experiment in parsing and playing with Freddie docs\n', '__package_...[0m
    [36m       │    │     │          │               │            └ [0m[36m[1m'/Users/dwolfson/localGit/egeria-v5-3/egeria-python/commands/cat/dr_egeria_md.py'[0m
    [36m       │    │     │          │               └ [0m[36m[1mNone[0m
    [36m       │    │     │          └ [0m[36m[1m''[0m
    [36m       │    │     └ [0m[36m[1mFalse[0m
    [36m       │    └ [0m[36m[1m<function PyDB._exec at 0x10a88a2a0>[0m
    [36m       └ [0m[36m[1m<__main__.PyDB object at 0x10a8981a0>[0m

  File "[32m/Users/dwolfson/Applications/PyCharm.app/Contents/plugins/python-ce/helpers/pydev/[0m[32m[1mpydevd.py[0m", line [33m1648[0m, in [35m_exec[0m
    [1mpydev_imports[0m[35m[1m.[0m[1mexecfile[0m[1m([0m[1mfile[0m[1m,[0m [1mglobals[0m[1m,[0m [1mlocals[0m[1m)[0m  [30m[1m# execute the script[0m
    [36m│             │        │     │        └ [0m[36m[1m{'__name__': '__main__', '__doc__': '\nThis is an ongoing experiment in parsing and playing with Freddie docs\n', '__package_...[0m
    [36m│             │        │     └ [0m[36m[1m{'__name__': '__main__', '__doc__': '\nThis is an ongoing experiment in parsing and playing with Freddie docs\n', '__package_...[0m
    [36m│             │        └ [0m[36m[1m'/Users/dwolfson/localGit/egeria-v5-3/egeria-python/commands/cat/dr_egeria_md.py'[0m
    [36m│             └ [0m[36m[1m<function execfile at 0x1076bd4e0>[0m
    [36m└ [0m[36m[1m<module '_pydev_bundle.pydev_imports' from '/Users/dwolfson/Applications/PyCharm.app/Contents/plugins/python-ce/helpers/pydev...[0m

  File "[32m/Users/dwolfson/Applications/PyCharm.app/Contents/plugins/python-ce/helpers/pydev/_pydev_imps/[0m[32m[1m_pydev_execfile.py[0m", line [33m18[0m, in [35mexecfile[0m
    [1mexec[0m[1m([0m[1mcompile[0m[1m([0m[1mcontents[0m[35m[1m+[0m[36m"\n"[0m[1m,[0m [1mfile[0m[1m,[0m [36m'exec'[0m[1m)[0m[1m,[0m [1mglob[0m[1m,[0m [1mloc[0m[1m)[0m
    [36m             │              │              │     └ [0m[36m[1m{'__name__': '__main__', '__doc__': '\nThis is an ongoing experiment in parsing and playing with Freddie docs\n', '__package_...[0m
    [36m             │              │              └ [0m[36m[1m{'__name__': '__main__', '__doc__': '\nThis is an ongoing experiment in parsing and playing with Freddie docs\n', '__package_...[0m
    [36m             │              └ [0m[36m[1m'/Users/dwolfson/localGit/egeria-v5-3/egeria-python/commands/cat/dr_egeria_md.py'[0m
    [36m             └ [0m[36m[1m'"""\nThis is an ongoing experiment in parsing and playing with Freddie docs\n"""\nimport os\nimport sys\nfrom datetime impor...[0m

  File "[32m/Users/dwolfson/localGit/egeria-v5-3/egeria-python/commands/cat/[0m[32m[1mdr_egeria_md.py[0m", line [33m97[0m, in [35m<module>[0m
    [1mprocess_markdown_file[0m[1m([0m[1m)[0m
    [36m└ [0m[36m[1m<Command process_markdown_file>[0m

  File "/Users/dwolfson/localGit/egeria-v5-3/egeria-python/.venv/lib/python3.13/site-packages/click/core.py", line 1442, in __call__
    return self.main(*args, **kwargs)
           │    │     │       └ {}
           │    │     └ ()
           │    └ <function Command.main at 0x10abff600>
           └ <Command process_markdown_file>
  File "/Users/dwolfson/localGit/egeria-v5-3/egeria-python/.venv/lib/python3.13/site-packages/click/core.py", line 1363, in main
    rv = self.invoke(ctx)
         │    │      └ <click.core.Context object at 0x10dc0a510>
         │    └ <function Command.invoke at 0x10abff2e0>
         └ <Command process_markdown_file>
  File "/Users/dwolfson/localGit/egeria-v5-3/egeria-python/.venv/lib/python3.13/site-packages/click/core.py", line 1226, in invoke
    return ctx.invoke(self.callback, **ctx.params)
           │   │      │    │           │   └ {'input_file': 'output_tests.md', 'output_folder': 'Friday', 'directive': 'process', 'server': 'qs-view-server', 'url': 'http...
           │   │      │    │           └ <click.core.Context object at 0x10dc0a510>
           │   │      │    └ <function process_markdown_file at 0x10decc5e0>
           │   │      └ <Command process_markdown_file>
           │   └ <function Context.invoke at 0x10abfe520>
           └ <click.core.Context object at 0x10dc0a510>
  File "/Users/dwolfson/localGit/egeria-v5-3/egeria-python/.venv/lib/python3.13/site-packages/click/core.py", line 794, in invoke
    return callback(*args, **kwargs)
           │         │       └ {'input_file': 'output_tests.md', 'output_folder': 'Friday', 'directive': 'process', 'server': 'qs-view-server', 'url': 'http...
           │         └ ()
           └ <function process_markdown_file at 0x10decc5e0>

  File "[32m/Users/dwolfson/localGit/egeria-v5-3/egeria-python/commands/cat/[0m[32m[1mdr_egeria_md.py[0m", line [33m60[0m, in [35mprocess_markdown_file[0m
    [1mprocess_md_file[0m[1m([0m[1minput_file[0m[1m,[0m [1moutput_folder[0m[1m,[0m [1mdirective[0m[1m,[0m [1mserver[0m[1m,[0m [1murl[0m[1m,[0m [1muserid[0m[1m,[0m [1muser_pass[0m[1m)[0m
    [36m│               │           │              │          │       │    │       └ [0m[36m[1m'secret'[0m
    [36m│               │           │              │          │       │    └ [0m[36m[1m'erinoverview'[0m
    [36m│               │           │              │          │       └ [0m[36m[1m'https://localhost:9443'[0m
    [36m│               │           │              │          └ [0m[36m[1m'qs-view-server'[0m
    [36m│               │           │              └ [0m[36m[1m'process'[0m
    [36m│               │           └ [0m[36m[1m'Friday'[0m
    [36m│               └ [0m[36m[1m'output_tests.md'[0m
    [36m└ [0m[36m[1m<function process_md_file at 0x10ddffe20>[0m

  File "[32m/Users/dwolfson/localGit/egeria-v5-3/egeria-python/md_processing/[0m[32m[1mdr_egeria.py[0m", line [33m266[0m, in [35mprocess_md_file[0m
    [1mprocess_current_block[0m[1m([0m[1mcurrent_block[0m[1m)[0m
    [36m│                     └ [0m[36m[1m'# Link Parent Project\n## Parent Project\nTask::First Task\n## Child Project\nTask::Second Task\n## Label\n1 to 2\n## Descri...[0m
    [36m└ [0m[36m[1m<function process_md_file.<locals>.process_current_block at 0x10e162e80>[0m

  File "[32m/Users/dwolfson/localGit/egeria-v5-3/egeria-python/md_processing/[0m[32m[1mdr_egeria.py[0m", line [33m138[0m, in [35mprocess_current_block[0m
    [1mresult[0m [35m[1m=[0m [1mprocess_link_project_hierarchy_command[0m[1m([0m[1mclient[0m[1m,[0m [1mcurrent_block[0m[1m,[0m [1mdirective[0m[1m)[0m
    [36m         │                                      │       │              └ [0m[36m[1m'process'[0m
    [36m         │                                      │       └ [0m[36m[1m'# Link Parent Project\n## Parent Project\nTask::First Task\n## Child Project\nTask::Second Task\n## Label\n1 to 2\n## Descri...[0m
    [36m         │                                      └ [0m[36m[1m<pyegeria.egeria_tech_client.EgeriaTech object at 0x10dc0a270>[0m
    [36m         └ [0m[36m[1m<function process_link_project_hierarchy_command at 0x10dcfa520>[0m

> File "[32m/Users/dwolfson/localGit/egeria-v5-3/egeria-python/md_processing/md_commands/[0m[32m[1mproject_commands.py[0m", line [33m200[0m, in [35mprocess_link_project_hierarchy_command[0m
    [1mparsed_output[0m [35m[1m=[0m [1mparse_view_command[0m[1m([0m[1megeria_client[0m[1m,[0m [1mobject_type[0m[1m,[0m [1mobject_action[0m[1m,[0m
    [36m                │                  │              │            └ [0m[36m[1m'Link'[0m
    [36m                │                  │              └ [0m[36m[1m'Parent Project'[0m
    [36m                │                  └ [0m[36m[1m<pyegeria.egeria_tech_client.EgeriaTech object at 0x10dc0a270>[0m
    [36m                └ [0m[36m[1m<function parse_view_command at 0x10dd314e0>[0m

  File "[32m/Users/dwolfson/localGit/egeria-v5-3/egeria-python/md_processing/md_processing_utils/[0m[32m[1mcommon_md_proc_utils.py[0m", line [33m286[0m, in [35mparse_view_command[0m
    [1mattributes[0m [35m[1m=[0m [1mcommand_spec[0m[35m[1m.[0m[1mget[0m[1m([0m[36m'Attributes'[0m[1m,[0m [1m[[0m[1m][0m[1m)[0m
    [36m             └ [0m[36m[1mNone[0m

[31m[1mAttributeError[0m:[1m 'NoneType' object has no attribute 'get'[0m
2025-08-29T08:41:01.656961-0500 | ERROR | process_link_project_hierarchy_command | 204 | No output for `Link` | {}
2025-08-29T08:41:01.666846-0500 | ERROR | process_md_file | 304 | ===> Unknown Command? <=== | {}
2025-08-29T08:41:01.667022-0500 | INFO | process_markdown_file | 61 | Called process_markdown_file with input file output_tests.md | {}
2025-08-29T08:41:39.622627-0500 | INFO | process_md_file | 88 | 

====================================================

 | {}
2025-08-29T08:41:39.623221-0500 | INFO | process_md_file | 89 | Processing Markdown File: ../../md_processing/dr_egeria_inbox/output_tests.md | {}
2025-08-29T09:48:05.017275-0500 | INFO | process_md_file | 88 | 

====================================================

 | {}
2025-08-29T09:48:05.018275-0500 | INFO | process_md_file | 89 | Processing Markdown File: ../../md_processing/dr_egeria_inbox/output_tests.md | {}
2025-08-29T11:51:12.316919-0500 | INFO | process_md_file | 88 | 

====================================================

 | {}
2025-08-29T11:51:12.317207-0500 | INFO | process_md_file | 89 | Processing Markdown File: ../../md_processing/dr_egeria_inbox/output_tests.md | {}
2025-08-29T14:16:18.222306-0500 | INFO | process_md_file | 88 | 

====================================================

 | {}
2025-08-29T14:16:18.223367-0500 | INFO | process_md_file | 89 | Processing Markdown File: ../../md_processing/dr_egeria_inbox/output_tests.md | {}
2025-08-29T14:19:44.420751-0500 | ERROR | process_link_project_hierarchy_command | 200 | An error has been caught in function 'process_link_project_hierarchy_command', process 'MainProcess' (48312), thread 'MainThread' (8317477056): | {}
[33m[1mTraceback (most recent call last):[0m

  File "[32m/Users/dwolfson/Applications/PyCharm.app/Contents/plugins/python-ce/helpers/pydev/[0m[32m[1mpydevd.py[0m", line [33m2392[0m, in [35m<module>[0m
    [1mmain[0m[1m([0m[1m)[0m
    [36m└ [0m[36m[1m<function main at 0x111cebba0>[0m

  File "[32m/Users/dwolfson/Applications/PyCharm.app/Contents/plugins/python-ce/helpers/pydev/[0m[32m[1mpydevd.py[0m", line [33m2373[0m, in [35mmain[0m
    [1mglobals[0m [35m[1m=[0m [1mdebugger[0m[35m[1m.[0m[1mrun[0m[1m([0m[1msetup[0m[1m[[0m[36m'file'[0m[1m][0m[1m,[0m [36m[1mNone[0m[1m,[0m [36m[1mNone[0m[1m,[0m [1mis_module[0m[1m)[0m
    [36m          │        │   │                          └ [0m[36m[1mFalse[0m
    [36m          │        │   └ [0m[36m[1m{'port': 63796, 'vm_type': None, 'client': '127.0.0.1', 'server': False, 'DEBUG_RECORD_SOCKET_READS': False, 'multiproc': Fal...[0m
    [36m          │        └ [0m[36m[1m<function PyDB.run at 0x111cea700>[0m
    [36m          └ [0m[36m[1m<__main__.PyDB object at 0x111c99160>[0m

  File "[32m/Users/dwolfson/Applications/PyCharm.app/Contents/plugins/python-ce/helpers/pydev/[0m[32m[1mpydevd.py[0m", line [33m1641[0m, in [35mrun[0m
    [35m[1mreturn[0m [1mself[0m[35m[1m.[0m[1m_exec[0m[1m([0m[1mis_module[0m[1m,[0m [1mentry_point_fn[0m[1m,[0m [1mmodule_name[0m[1m,[0m [1mfile[0m[1m,[0m [1mglobals[0m[1m,[0m [1mlocals[0m[1m)[0m
    [36m       │    │     │          │               │            │     │        └ [0m[36m[1m{'__name__': '__main__', '__doc__': '\nThis is an ongoing experiment in parsing and playing with Freddie docs\n', '__package_...[0m
    [36m       │    │     │          │               │            │     └ [0m[36m[1m{'__name__': '__main__', '__doc__': '\nThis is an ongoing experiment in parsing and playing with Freddie docs\n', '__package_...[0m
    [36m       │    │     │          │               │            └ [0m[36m[1m'/Users/dwolfson/localGit/egeria-v5-3/egeria-python/commands/cat/dr_egeria_md.py'[0m
    [36m       │    │     │          │               └ [0m[36m[1mNone[0m
    [36m       │    │     │          └ [0m[36m[1m''[0m
    [36m       │    │     └ [0m[36m[1mFalse[0m
    [36m       │    └ [0m[36m[1m<function PyDB._exec at 0x111cea7a0>[0m
    [36m       └ [0m[36m[1m<__main__.PyDB object at 0x111c99160>[0m

  File "[32m/Users/dwolfson/Applications/PyCharm.app/Contents/plugins/python-ce/helpers/pydev/[0m[32m[1mpydevd.py[0m", line [33m1648[0m, in [35m_exec[0m
    [1mpydev_imports[0m[35m[1m.[0m[1mexecfile[0m[1m([0m[1mfile[0m[1m,[0m [1mglobals[0m[1m,[0m [1mlocals[0m[1m)[0m  [30m[1m# execute the script[0m
    [36m│             │        │     │        └ [0m[36m[1m{'__name__': '__main__', '__doc__': '\nThis is an ongoing experiment in parsing and playing with Freddie docs\n', '__package_...[0m
    [36m│             │        │     └ [0m[36m[1m{'__name__': '__main__', '__doc__': '\nThis is an ongoing experiment in parsing and playing with Freddie docs\n', '__package_...[0m
    [36m│             │        └ [0m[36m[1m'/Users/dwolfson/localGit/egeria-v5-3/egeria-python/commands/cat/dr_egeria_md.py'[0m
    [36m│             └ [0m[36m[1m<function execfile at 0x107dd9800>[0m
    [36m└ [0m[36m[1m<module '_pydev_bundle.pydev_imports' from '/Users/dwolfson/Applications/PyCharm.app/Contents/plugins/python-ce/helpers/pydev...[0m

  File "[32m/Users/dwolfson/Applications/PyCharm.app/Contents/plugins/python-ce/helpers/pydev/_pydev_imps/[0m[32m[1m_pydev_execfile.py[0m", line [33m18[0m, in [35mexecfile[0m
    [1mexec[0m[1m([0m[1mcompile[0m[1m([0m[1mcontents[0m[35m[1m+[0m[36m"\n"[0m[1m,[0m [1mfile[0m[1m,[0m [36m'exec'[0m[1m)[0m[1m,[0m [1mglob[0m[1m,[0m [1mloc[0m[1m)[0m
    [36m             │              │              │     └ [0m[36m[1m{'__name__': '__main__', '__doc__': '\nThis is an ongoing experiment in parsing and playing with Freddie docs\n', '__package_...[0m
    [36m             │              │              └ [0m[36m[1m{'__name__': '__main__', '__doc__': '\nThis is an ongoing experiment in parsing and playing with Freddie docs\n', '__package_...[0m
    [36m             │              └ [0m[36m[1m'/Users/dwolfson/localGit/egeria-v5-3/egeria-python/commands/cat/dr_egeria_md.py'[0m
    [36m             └ [0m[36m[1m'"""\nThis is an ongoing experiment in parsing and playing with Freddie docs\n"""\nimport os\nimport sys\nfrom datetime impor...[0m

  File "[32m/Users/dwolfson/localGit/egeria-v5-3/egeria-python/commands/cat/[0m[32m[1mdr_egeria_md.py[0m", line [33m97[0m, in [35m<module>[0m
    [1mprocess_markdown_file[0m[1m([0m[1m)[0m
    [36m└ [0m[36m[1m<Command process_markdown_file>[0m

  File "/Users/dwolfson/localGit/egeria-v5-3/egeria-python/.venv/lib/python3.13/site-packages/click/core.py", line 1442, in __call__
    return self.main(*args, **kwargs)
           │    │     │       └ {}
           │    │     └ ()
           │    └ <function Command.main at 0x1121179c0>
           └ <Command process_markdown_file>
  File "/Users/dwolfson/localGit/egeria-v5-3/egeria-python/.venv/lib/python3.13/site-packages/click/core.py", line 1363, in main
    rv = self.invoke(ctx)
         │    │      └ <click.core.Context object at 0x11650b380>
         │    └ <function Command.invoke at 0x1121176a0>
         └ <Command process_markdown_file>
  File "/Users/dwolfson/localGit/egeria-v5-3/egeria-python/.venv/lib/python3.13/site-packages/click/core.py", line 1226, in invoke
    return ctx.invoke(self.callback, **ctx.params)
           │   │      │    │           │   └ {'input_file': 'output_tests.md', 'output_folder': 'Friday', 'directive': 'process', 'server': 'qs-view-server', 'url': 'http...
           │   │      │    │           └ <click.core.Context object at 0x11650b380>
           │   │      │    └ <function process_markdown_file at 0x116a10cc0>
           │   │      └ <Command process_markdown_file>
           │   └ <function Context.invoke at 0x1121168e0>
           └ <click.core.Context object at 0x11650b380>
  File "/Users/dwolfson/localGit/egeria-v5-3/egeria-python/.venv/lib/python3.13/site-packages/click/core.py", line 794, in invoke
    return callback(*args, **kwargs)
           │         │       └ {'input_file': 'output_tests.md', 'output_folder': 'Friday', 'directive': 'process', 'server': 'qs-view-server', 'url': 'http...
           │         └ ()
           └ <function process_markdown_file at 0x116a10cc0>

  File "[32m/Users/dwolfson/localGit/egeria-v5-3/egeria-python/commands/cat/[0m[32m[1mdr_egeria_md.py[0m", line [33m60[0m, in [35mprocess_markdown_file[0m
    [1mprocess_md_file[0m[1m([0m[1minput_file[0m[1m,[0m [1moutput_folder[0m[1m,[0m [1mdirective[0m[1m,[0m [1mserver[0m[1m,[0m [1murl[0m[1m,[0m [1muserid[0m[1m,[0m [1muser_pass[0m[1m)[0m
    [36m│               │           │              │          │       │    │       └ [0m[36m[1m'secret'[0m
    [36m│               │           │              │          │       │    └ [0m[36m[1m'erinoverview'[0m
    [36m│               │           │              │          │       └ [0m[36m[1m'https://localhost:9443'[0m
    [36m│               │           │              │          └ [0m[36m[1m'qs-view-server'[0m
    [36m│               │           │              └ [0m[36m[1m'process'[0m
    [36m│               │           └ [0m[36m[1m'Friday'[0m
    [36m│               └ [0m[36m[1m'output_tests.md'[0m
    [36m└ [0m[36m[1m<function process_md_file at 0x116a10540>[0m

  File "[32m/Users/dwolfson/localGit/egeria-v5-3/egeria-python/md_processing/[0m[32m[1mdr_egeria.py[0m", line [33m266[0m, in [35mprocess_md_file[0m
    [1mprocess_current_block[0m[1m([0m[1mcurrent_block[0m[1m)[0m
    [36m│                     └ [0m[36m[1m'# Link Parent Project\n## Parent Project\nTask::First Task\n## Child Project\nTask::Second Task\n## Label\n1 to 2\n## Descri...[0m
    [36m└ [0m[36m[1m<function process_md_file.<locals>.process_current_block at 0x116a83d80>[0m

  File "[32m/Users/dwolfson/localGit/egeria-v5-3/egeria-python/md_processing/[0m[32m[1mdr_egeria.py[0m", line [33m138[0m, in [35mprocess_current_block[0m
    [1mresult[0m [35m[1m=[0m [1mprocess_link_project_hierarchy_command[0m[1m([0m[1mclient[0m[1m,[0m [1mcurrent_block[0m[1m,[0m [1mdirective[0m[1m)[0m
    [36m         │                                      │       │              └ [0m[36m[1m'process'[0m
    [36m         │                                      │       └ [0m[36m[1m'# Link Parent Project\n## Parent Project\nTask::First Task\n## Child Project\nTask::Second Task\n## Label\n1 to 2\n## Descri...[0m
    [36m         │                                      └ [0m[36m[1m<pyegeria.egeria_tech_client.EgeriaTech object at 0x11650b0e0>[0m
    [36m         └ [0m[36m[1m<function process_link_project_hierarchy_command at 0x116668f40>[0m

> File "[32m/Users/dwolfson/localGit/egeria-v5-3/egeria-python/md_processing/md_commands/[0m[32m[1mproject_commands.py[0m", line [33m200[0m, in [35mprocess_link_project_hierarchy_command[0m
    [1mparsed_output[0m [35m[1m=[0m [1mparse_view_command[0m[1m([0m[1megeria_client[0m[1m,[0m [1mobject_type[0m[1m,[0m [1mobject_action[0m[1m,[0m
    [36m                │                  │              │            └ [0m[36m[1m'Link'[0m
    [36m                │                  │              └ [0m[36m[1m'Parent Project'[0m
    [36m                │                  └ [0m[36m[1m<pyegeria.egeria_tech_client.EgeriaTech object at 0x11650b0e0>[0m
    [36m                └ [0m[36m[1m<function parse_view_command at 0x116641bc0>[0m

  File "[32m/Users/dwolfson/localGit/egeria-v5-3/egeria-python/md_processing/md_processing_utils/[0m[32m[1mcommon_md_proc_utils.py[0m", line [33m286[0m, in [35mparse_view_command[0m
    [1mattributes[0m [35m[1m=[0m [1mcommand_spec[0m[35m[1m.[0m[1mget[0m[1m([0m[36m'Attributes'[0m[1m,[0m [1m[[0m[1m][0m[1m)[0m
    [36m             └ [0m[36m[1mNone[0m

[31m[1mAttributeError[0m:[1m 'NoneType' object has no attribute 'get'[0m
2025-08-29T14:19:44.438679-0500 | ERROR | process_link_project_hierarchy_command | 204 | No output for `Link` | {}
2025-08-29T14:19:44.449839-0500 | ERROR | process_md_file | 304 | ===> Unknown Command? <=== | {}
2025-08-29T14:19:44.450034-0500 | INFO | process_markdown_file | 61 | Called process_markdown_file with input file output_tests.md | {}
2025-08-29T14:20:17.259797-0500 | INFO | process_md_file | 88 | 

====================================================

 | {}
2025-08-29T14:20:17.260314-0500 | INFO | process_md_file | 89 | Processing Markdown File: ../../md_processing/dr_egeria_inbox/output_tests.md | {}
